
----------------------header--------------------------


----------------------footer--------------------------

----------------------header--------------------------


----------------------footer--------------------------

----------------------header--------------------------

时间：2017-08-23 14:52:16,273
线程：[6]
类型：ERROR
标题：Error
内容：System.Net.WebException: Unable to connect to the remote server ---> System.Net.Sockets.SocketException: A connection attempt failed because the connected party did not properly respond after a period of time, or established connection failed because connected host has failed to respond 192.168.1.195:8080
   at System.Net.Sockets.Socket.DoConnect(EndPoint endPointSnapshot, SocketAddress socketAddress)
   at System.Net.ServicePoint.ConnectSocketInternal(Boolean connectFailure, Socket s4, Socket s6, Socket& socket, IPAddress& address, ConnectSocketState state, IAsyncResult asyncResult, Exception& exception)
   --- End of inner exception stack trace ---
   at System.Net.HttpWebRequest.GetRequestStream(TransportContext& context)
   at System.Net.HttpWebRequest.GetRequestStream()
   at ReCommon.ApiHelper.HttpRequest(String userName, String Password, String Url, String PostData) in C:\Users\Administrator\Desktop\RelievePay\ReCommon\ApiHelper.cs:line 84
   at AppWebApi.Controllers.CommodityReportController.GetCommodityInfo(ProductInfoModel model) in C:\Users\Administrator\Desktop\RelievePay\AppWebApi\Controllers\CommodityReportController.cs:line 167
——————————

----------------------header--------------------------

时间：2017-08-23 14:53:29,692
线程：[5]
类型：ERROR
标题：Error
内容：System.Net.WebException: The underlying connection was closed: An unexpected error occurred on a receive. ---> System.IO.IOException: Unable to read data from the transport connection: An existing connection was forcibly closed by the remote host. ---> System.Net.Sockets.SocketException: An existing connection was forcibly closed by the remote host
   at System.Net.Sockets.Socket.Receive(Byte[] buffer, Int32 offset, Int32 size, SocketFlags socketFlags)
   at System.Net.Sockets.NetworkStream.Read(Byte[] buffer, Int32 offset, Int32 size)
   --- End of inner exception stack trace ---
   at System.Net.Sockets.NetworkStream.Read(Byte[] buffer, Int32 offset, Int32 size)
   at System.Net.PooledStream.Read(Byte[] buffer, Int32 offset, Int32 size)
   at System.Net.Connection.SyncRead(HttpWebRequest request, Boolean userRetrievedStream, Boolean probeRead)
   --- End of inner exception stack trace ---
   at System.Net.HttpWebRequest.GetResponse()
   at ReCommon.ApiHelper.HttpRequest(String userName, String Password, String Url, String PostData) in C:\Users\Administrator\Desktop\RelievePay\ReCommon\ApiHelper.cs:line 92
   at AppWebApi.Controllers.CommodityReportController.GetCommodityInfo(ProductInfoModel model) in C:\Users\Administrator\Desktop\RelievePay\AppWebApi\Controllers\CommodityReportController.cs:line 167
——————————

----------------------header--------------------------


----------------------footer--------------------------
