
----------------------header--------------------------

时间：2017-09-01 09:20:22,380
线程：[10]
类型：ERROR
标题：Error
内容：System.FormatException: Base-64 字符数组或字符串的长度无效。
   在 System.Convert.FromBase64_Decode(Char* startInputPtr, Int32 inputLength, Byte* startDestPtr, Int32 destLength)
   在 System.Convert.FromBase64CharPtr(Char* inputPtr, Int32 inputLength)
   在 System.Convert.FromBase64String(String s)
   在 ReCommon.CharConversion.SaveImg(String imgString, String imgName, String imgPath) 位置 C:\Users\Administrator\Desktop\RelievePay\ReCommon\CharConversion.cs:行号 193
   在 AppWebApi.Controllers.UserCheckController.UserInfo(UserInfoModel model) 位置 C:\Users\Administrator\Desktop\RelievePay\AppWebApi\Controllers\UserCheckController.cs:行号 200
——————————
时间：2017-09-01 09:20:59,847
线程：[17]
类型：ERROR
标题：Error
内容：System.Net.WebException: 无法连接到远程服务器 ---> System.Net.Sockets.SocketException: 由于连接方在一段时间后没有正确答复或连接的主机没有反应，连接尝试失败。 192.168.1.179:8080
   在 System.Net.Sockets.Socket.DoConnect(EndPoint endPointSnapshot, SocketAddress socketAddress)
   在 System.Net.ServicePoint.ConnectSocketInternal(Boolean connectFailure, Socket s4, Socket s6, Socket& socket, IPAddress& address, ConnectSocketState state, IAsyncResult asyncResult, Exception& exception)
   --- 内部异常堆栈跟踪的结尾 ---
   在 System.Net.HttpWebRequest.GetRequestStream(TransportContext& context)
   在 System.Net.HttpWebRequest.GetRequestStream()
   在 ReCommon.ApiHelper.HttpRequest(String userName, String Password, String Url, String PostData) 位置 C:\Users\Administrator\Desktop\RelievePay\ReCommon\ApiHelper.cs:行号 85
   在 AppWebApi.Controllers.UserCheckController.UserInfo(UserInfoModel model) 位置 C:\Users\Administrator\Desktop\RelievePay\AppWebApi\Controllers\UserCheckController.cs:行号 207
——————————
时间：2017-09-01 09:30:51,797
线程：[8]
类型：ERROR
标题：Error
内容：System.Net.WebException: 无法连接到远程服务器 ---> System.Net.Sockets.SocketException: 由于连接方在一段时间后没有正确答复或连接的主机没有反应，连接尝试失败。 192.168.1.179:8080
   在 System.Net.Sockets.Socket.DoConnect(EndPoint endPointSnapshot, SocketAddress socketAddress)
   在 System.Net.ServicePoint.ConnectSocketInternal(Boolean connectFailure, Socket s4, Socket s6, Socket& socket, IPAddress& address, ConnectSocketState state, IAsyncResult asyncResult, Exception& exception)
   --- 内部异常堆栈跟踪的结尾 ---
   在 System.Net.HttpWebRequest.GetRequestStream(TransportContext& context)
   在 System.Net.HttpWebRequest.GetRequestStream()
   在 ReCommon.ApiHelper.HttpRequest(String userName, String Password, String Url, String PostData) 位置 C:\Users\Administrator\Desktop\RelievePay\ReCommon\ApiHelper.cs:行号 85
   在 AppWebApi.Controllers.CommodityReportController.GetCommodityInfo(ProductInfoModel model) 位置 C:\Users\Administrator\Desktop\RelievePay\AppWebApi\Controllers\CommodityReportController.cs:行号 116
——————————
时间：2017-09-01 09:33:27,247
线程：[24]
类型：ERROR
标题：Error
内容：System.Net.WebException: 无法连接到远程服务器 ---> System.Net.Sockets.SocketException: 由于连接方在一段时间后没有正确答复或连接的主机没有反应，连接尝试失败。 192.168.1.179:8080
   在 System.Net.Sockets.Socket.DoConnect(EndPoint endPointSnapshot, SocketAddress socketAddress)
   在 System.Net.ServicePoint.ConnectSocketInternal(Boolean connectFailure, Socket s4, Socket s6, Socket& socket, IPAddress& address, ConnectSocketState state, IAsyncResult asyncResult, Exception& exception)
   --- 内部异常堆栈跟踪的结尾 ---
   在 System.Net.HttpWebRequest.GetRequestStream(TransportContext& context)
   在 System.Net.HttpWebRequest.GetRequestStream()
   在 ReCommon.ApiHelper.HttpRequest(String userName, String Password, String Url, String PostData) 位置 C:\Users\Administrator\Desktop\RelievePay\ReCommon\ApiHelper.cs:行号 85
   在 AppWebApi.Controllers.CommodityReportController.SubmitReportInfo(ProductInfoModel model) 位置 C:\Users\Administrator\Desktop\RelievePay\AppWebApi\Controllers\CommodityReportController.cs:行号 184
——————————

----------------------header--------------------------

时间：2017-09-01 15:59:22,124
线程：[5]
类型：ERROR
标题：Error
内容：System.Net.WebException: 操作超时
   在 System.Net.HttpWebRequest.GetResponse()
   在 ReCommon.ApiHelper.HttpRequest(String userName, String Password, String Url, String PostData) 位置 C:\Users\Administrator\Desktop\RelievePay\ReCommon\ApiHelper.cs:行号 93
   在 AppWebApi.Controllers.UserCheckController.AccountProving(UserInfoModel model) 位置 C:\Users\Administrator\Desktop\RelievePay\AppWebApi\Controllers\UserCheckController.cs:行号 155
——————————
时间：2017-09-01 16:10:50,263
线程：[42]
类型：ERROR
标题：Error
内容：System.Net.WebException: 操作超时
   在 System.Net.HttpWebRequest.GetResponse()
   在 ReCommon.ApiHelper.HttpRequest(String userName, String Password, String Url, String PostData) 位置 C:\Users\Administrator\Desktop\RelievePay\ReCommon\ApiHelper.cs:行号 93
   在 AppWebApi.Controllers.UserCheckController.AccountProving(UserInfoModel model) 位置 C:\Users\Administrator\Desktop\RelievePay\AppWebApi\Controllers\UserCheckController.cs:行号 155
——————————
时间：2017-09-01 16:15:26,663
线程：[5]
类型：ERROR
标题：Error
内容：System.Net.WebException: 基础连接已经关闭: 连接被意外关闭。
   在 System.Net.HttpWebRequest.GetResponse()
   在 ReCommon.ApiHelper.HttpRequest(String userName, String Password, String Url, String PostData) 位置 C:\Users\Administrator\Desktop\RelievePay\ReCommon\ApiHelper.cs:行号 93
   在 AppWebApi.Controllers.UserCheckController.AccountProving(UserInfoModel model) 位置 C:\Users\Administrator\Desktop\RelievePay\AppWebApi\Controllers\UserCheckController.cs:行号 155
——————————
时间：2017-09-01 16:15:26,664
线程：[44]
类型：ERROR
标题：Error
内容：System.Net.WebException: 基础连接已经关闭: 连接被意外关闭。
   在 System.Net.HttpWebRequest.GetResponse()
   在 ReCommon.ApiHelper.HttpRequest(String userName, String Password, String Url, String PostData) 位置 C:\Users\Administrator\Desktop\RelievePay\ReCommon\ApiHelper.cs:行号 93
   在 AppWebApi.Controllers.UserCheckController.AccountProving(UserInfoModel model) 位置 C:\Users\Administrator\Desktop\RelievePay\AppWebApi\Controllers\UserCheckController.cs:行号 155
——————————
时间：2017-09-01 16:15:26,693
线程：[42]
类型：ERROR
标题：Error
内容：System.Net.WebException: 基础连接已经关闭: 连接被意外关闭。
   在 System.Net.HttpWebRequest.GetResponse()
   在 ReCommon.ApiHelper.HttpRequest(String userName, String Password, String Url, String PostData) 位置 C:\Users\Administrator\Desktop\RelievePay\ReCommon\ApiHelper.cs:行号 93
   在 AppWebApi.Controllers.UserCheckController.AccountProving(UserInfoModel model) 位置 C:\Users\Administrator\Desktop\RelievePay\AppWebApi\Controllers\UserCheckController.cs:行号 155
——————————
时间：2017-09-01 16:21:56,872
线程：[42]
类型：ERROR
标题：Error
内容：System.Net.WebException: 基础连接已经关闭: 连接被意外关闭。
   在 System.Net.HttpWebRequest.GetResponse()
   在 ReCommon.ApiHelper.HttpRequest(String userName, String Password, String Url, String PostData) 位置 C:\Users\Administrator\Desktop\RelievePay\ReCommon\ApiHelper.cs:行号 93
   在 AppWebApi.Controllers.UserCheckController.UserInfo(UserInfoModel model) 位置 C:\Users\Administrator\Desktop\RelievePay\AppWebApi\Controllers\UserCheckController.cs:行号 207
——————————
时间：2017-09-01 16:41:19,115
线程：[42]
类型：ERROR
标题：Error
内容：System.Net.WebException: 远程服务器返回错误: (500) 内部服务器错误。
   在 System.Net.HttpWebRequest.GetResponse()
   在 ReCommon.ApiHelper.HttpRequest(String userName, String Password, String Url, String PostData) 位置 C:\Users\Administrator\Desktop\RelievePay\ReCommon\ApiHelper.cs:行号 93
   在 AppWebApi.Controllers.UserCheckController.UserInfo(UserInfoModel model) 位置 C:\Users\Administrator\Desktop\RelievePay\AppWebApi\Controllers\UserCheckController.cs:行号 207
——————————
时间：2017-09-01 16:43:07,244
线程：[42]
类型：ERROR
标题：Error
内容：System.Net.WebException: 远程服务器返回错误: (500) 内部服务器错误。
   在 System.Net.HttpWebRequest.GetResponse()
   在 ReCommon.ApiHelper.HttpRequest(String userName, String Password, String Url, String PostData) 位置 C:\Users\Administrator\Desktop\RelievePay\ReCommon\ApiHelper.cs:行号 93
   在 AppWebApi.Controllers.UserCheckController.UserInfo(UserInfoModel model) 位置 C:\Users\Administrator\Desktop\RelievePay\AppWebApi\Controllers\UserCheckController.cs:行号 207
——————————
