
----------------------header--------------------------

时间：2017-09-08 09:27:10,772
线程：[10]
类型：ERROR
标题：Error
内容：System.Net.WebException: Unable to connect to the remote server ---> System.Net.Sockets.SocketException: A connection attempt failed because the connected party did not properly respond after a period of time, or established connection failed because connected host has failed to respond 192.168.1.179:53212
   at System.Net.Sockets.Socket.DoConnect(EndPoint endPointSnapshot, SocketAddress socketAddress)
   at System.Net.ServicePoint.ConnectSocketInternal(Boolean connectFailure, Socket s4, Socket s6, Socket& socket, IPAddress& address, ConnectSocketState state, IAsyncResult asyncResult, Exception& exception)
   --- End of inner exception stack trace ---
   at System.Net.HttpWebRequest.GetRequestStream(TransportContext& context)
   at System.Net.HttpWebRequest.GetRequestStream()
   at ReCommon.ApiHelper.HttpRequest(String userName, String Password, String Url, String PostData)
   at AppWebApi.Controllers.UserCheckController.AccountProving(UserInfoModel model) in C:\Users\Administrator\Desktop\RelievePay\AppWebApi\Controllers\UserCheckController.cs:line 156
——————————

----------------------header--------------------------

时间：2017-09-08 11:41:23,418
线程：[16]
类型：ERROR
标题：Error
内容：System.Net.WebException: The remote server returned an error: (403) Forbidden.
   at System.Net.HttpWebRequest.GetResponse()
   at ReCommon.ApiHelper.HttpRequest(String userName, String Password, String Url, String PostData) in C:\Users\Administrator\Desktop\RelievePay\ReCommon\ApiHelper.cs:line 93
   at AppWebApi.Controllers.UserCheckController.AccountProving(UserInfoModel model) in C:\Users\Administrator\Desktop\RelievePay\AppWebApi\Controllers\UserCheckController.cs:line 156
——————————
时间：2017-09-08 11:41:39,388
线程：[5]
类型：ERROR
标题：Error
内容：System.Net.WebException: The remote server returned an error: (403) Forbidden.
   at System.Net.HttpWebRequest.GetResponse()
   at ReCommon.ApiHelper.HttpRequest(String userName, String Password, String Url, String PostData) in C:\Users\Administrator\Desktop\RelievePay\ReCommon\ApiHelper.cs:line 93
   at AppWebApi.Controllers.UserCheckController.AccountProving(UserInfoModel model) in C:\Users\Administrator\Desktop\RelievePay\AppWebApi\Controllers\UserCheckController.cs:line 156
——————————
时间：2017-09-08 11:41:51,551
线程：[5]
类型：ERROR
标题：Error
内容：System.Net.WebException: The remote server returned an error: (403) Forbidden.
   at System.Net.HttpWebRequest.GetResponse()
   at ReCommon.ApiHelper.HttpRequest(String userName, String Password, String Url, String PostData) in C:\Users\Administrator\Desktop\RelievePay\ReCommon\ApiHelper.cs:line 93
   at AppWebApi.Controllers.UserCheckController.AccountProving(UserInfoModel model) in C:\Users\Administrator\Desktop\RelievePay\AppWebApi\Controllers\UserCheckController.cs:line 156
——————————
时间：2017-09-08 11:41:56,501
线程：[5]
类型：ERROR
标题：Error
内容：System.Net.WebException: The remote server returned an error: (403) Forbidden.
   at System.Net.HttpWebRequest.GetResponse()
   at ReCommon.ApiHelper.HttpRequest(String userName, String Password, String Url, String PostData) in C:\Users\Administrator\Desktop\RelievePay\ReCommon\ApiHelper.cs:line 93
   at AppWebApi.Controllers.UserCheckController.AccountProving(UserInfoModel model) in C:\Users\Administrator\Desktop\RelievePay\AppWebApi\Controllers\UserCheckController.cs:line 156
——————————
时间：2017-09-08 11:42:00,406
线程：[5]
类型：ERROR
标题：Error
内容：System.Net.WebException: The remote server returned an error: (403) Forbidden.
   at System.Net.HttpWebRequest.GetResponse()
   at ReCommon.ApiHelper.HttpRequest(String userName, String Password, String Url, String PostData) in C:\Users\Administrator\Desktop\RelievePay\ReCommon\ApiHelper.cs:line 93
   at AppWebApi.Controllers.UserCheckController.AccountProving(UserInfoModel model) in C:\Users\Administrator\Desktop\RelievePay\AppWebApi\Controllers\UserCheckController.cs:line 156
——————————
时间：2017-09-08 11:42:09,246
线程：[5]
类型：ERROR
标题：Error
内容：System.Net.WebException: The remote server returned an error: (403) Forbidden.
   at System.Net.HttpWebRequest.GetResponse()
   at ReCommon.ApiHelper.HttpRequest(String userName, String Password, String Url, String PostData) in C:\Users\Administrator\Desktop\RelievePay\ReCommon\ApiHelper.cs:line 93
   at AppWebApi.Controllers.UserCheckController.AccountProving(UserInfoModel model) in C:\Users\Administrator\Desktop\RelievePay\AppWebApi\Controllers\UserCheckController.cs:line 156
——————————
时间：2017-09-08 11:42:37,235
线程：[5]
类型：ERROR
标题：Error
内容：System.Net.WebException: The remote server returned an error: (403) Forbidden.
   at System.Net.HttpWebRequest.GetResponse()
   at ReCommon.ApiHelper.HttpRequest(String userName, String Password, String Url, String PostData) in C:\Users\Administrator\Desktop\RelievePay\ReCommon\ApiHelper.cs:line 93
   at AppWebApi.Controllers.UserCheckController.AccountProving(UserInfoModel model) in C:\Users\Administrator\Desktop\RelievePay\AppWebApi\Controllers\UserCheckController.cs:line 156
——————————
时间：2017-09-08 11:43:40,777
线程：[5]
类型：ERROR
标题：Error
内容：System.Net.WebException: The remote server returned an error: (403) Forbidden.
   at System.Net.HttpWebRequest.GetResponse()
   at ReCommon.ApiHelper.HttpRequest(String userName, String Password, String Url, String PostData) in C:\Users\Administrator\Desktop\RelievePay\ReCommon\ApiHelper.cs:line 93
   at AppWebApi.Controllers.UserCheckController.AccountProving(UserInfoModel model) in C:\Users\Administrator\Desktop\RelievePay\AppWebApi\Controllers\UserCheckController.cs:line 156
——————————
时间：2017-09-08 11:43:43,495
线程：[19]
类型：ERROR
标题：Error
内容：System.Net.WebException: The remote server returned an error: (403) Forbidden.
   at System.Net.HttpWebRequest.GetResponse()
   at ReCommon.ApiHelper.HttpRequest(String userName, String Password, String Url, String PostData) in C:\Users\Administrator\Desktop\RelievePay\ReCommon\ApiHelper.cs:line 93
   at AppWebApi.Controllers.UserCheckController.AccountProving(UserInfoModel model) in C:\Users\Administrator\Desktop\RelievePay\AppWebApi\Controllers\UserCheckController.cs:line 156
——————————
时间：2017-09-08 11:43:43,740
线程：[8]
类型：ERROR
标题：Error
内容：System.Net.WebException: The remote server returned an error: (403) Forbidden.
   at System.Net.HttpWebRequest.GetResponse()
   at ReCommon.ApiHelper.HttpRequest(String userName, String Password, String Url, String PostData) in C:\Users\Administrator\Desktop\RelievePay\ReCommon\ApiHelper.cs:line 93
   at AppWebApi.Controllers.UserCheckController.AccountProving(UserInfoModel model) in C:\Users\Administrator\Desktop\RelievePay\AppWebApi\Controllers\UserCheckController.cs:line 156
——————————
时间：2017-09-08 11:43:43,944
线程：[8]
类型：ERROR
标题：Error
内容：System.Net.WebException: The remote server returned an error: (403) Forbidden.
   at System.Net.HttpWebRequest.GetResponse()
   at ReCommon.ApiHelper.HttpRequest(String userName, String Password, String Url, String PostData) in C:\Users\Administrator\Desktop\RelievePay\ReCommon\ApiHelper.cs:line 93
   at AppWebApi.Controllers.UserCheckController.AccountProving(UserInfoModel model) in C:\Users\Administrator\Desktop\RelievePay\AppWebApi\Controllers\UserCheckController.cs:line 156
——————————
时间：2017-09-08 11:43:44,115
线程：[8]
类型：ERROR
标题：Error
内容：System.Net.WebException: The remote server returned an error: (403) Forbidden.
   at System.Net.HttpWebRequest.GetResponse()
   at ReCommon.ApiHelper.HttpRequest(String userName, String Password, String Url, String PostData) in C:\Users\Administrator\Desktop\RelievePay\ReCommon\ApiHelper.cs:line 93
   at AppWebApi.Controllers.UserCheckController.AccountProving(UserInfoModel model) in C:\Users\Administrator\Desktop\RelievePay\AppWebApi\Controllers\UserCheckController.cs:line 156
——————————
时间：2017-09-08 11:43:44,317
线程：[8]
类型：ERROR
标题：Error
内容：System.Net.WebException: The remote server returned an error: (403) Forbidden.
   at System.Net.HttpWebRequest.GetResponse()
   at ReCommon.ApiHelper.HttpRequest(String userName, String Password, String Url, String PostData) in C:\Users\Administrator\Desktop\RelievePay\ReCommon\ApiHelper.cs:line 93
   at AppWebApi.Controllers.UserCheckController.AccountProving(UserInfoModel model) in C:\Users\Administrator\Desktop\RelievePay\AppWebApi\Controllers\UserCheckController.cs:line 156
——————————
时间：2017-09-08 11:43:44,501
线程：[10]
类型：ERROR
标题：Error
内容：System.Net.WebException: The remote server returned an error: (403) Forbidden.
   at System.Net.HttpWebRequest.GetResponse()
   at ReCommon.ApiHelper.HttpRequest(String userName, String Password, String Url, String PostData) in C:\Users\Administrator\Desktop\RelievePay\ReCommon\ApiHelper.cs:line 93
   at AppWebApi.Controllers.UserCheckController.AccountProving(UserInfoModel model) in C:\Users\Administrator\Desktop\RelievePay\AppWebApi\Controllers\UserCheckController.cs:line 156
——————————
时间：2017-09-08 11:43:44,738
线程：[10]
类型：ERROR
标题：Error
内容：System.Net.WebException: The remote server returned an error: (403) Forbidden.
   at System.Net.HttpWebRequest.GetResponse()
   at ReCommon.ApiHelper.HttpRequest(String userName, String Password, String Url, String PostData) in C:\Users\Administrator\Desktop\RelievePay\ReCommon\ApiHelper.cs:line 93
   at AppWebApi.Controllers.UserCheckController.AccountProving(UserInfoModel model) in C:\Users\Administrator\Desktop\RelievePay\AppWebApi\Controllers\UserCheckController.cs:line 156
——————————
时间：2017-09-08 11:43:44,928
线程：[21]
类型：ERROR
标题：Error
内容：System.Net.WebException: The remote server returned an error: (403) Forbidden.
   at System.Net.HttpWebRequest.GetResponse()
   at ReCommon.ApiHelper.HttpRequest(String userName, String Password, String Url, String PostData) in C:\Users\Administrator\Desktop\RelievePay\ReCommon\ApiHelper.cs:line 93
   at AppWebApi.Controllers.UserCheckController.AccountProving(UserInfoModel model) in C:\Users\Administrator\Desktop\RelievePay\AppWebApi\Controllers\UserCheckController.cs:line 156
——————————
时间：2017-09-08 11:43:45,118
线程：[10]
类型：ERROR
标题：Error
内容：System.Net.WebException: The remote server returned an error: (403) Forbidden.
   at System.Net.HttpWebRequest.GetResponse()
   at ReCommon.ApiHelper.HttpRequest(String userName, String Password, String Url, String PostData) in C:\Users\Administrator\Desktop\RelievePay\ReCommon\ApiHelper.cs:line 93
   at AppWebApi.Controllers.UserCheckController.AccountProving(UserInfoModel model) in C:\Users\Administrator\Desktop\RelievePay\AppWebApi\Controllers\UserCheckController.cs:line 156
——————————
时间：2017-09-08 11:43:45,354
线程：[10]
类型：ERROR
标题：Error
内容：System.Net.WebException: The remote server returned an error: (403) Forbidden.
   at System.Net.HttpWebRequest.GetResponse()
   at ReCommon.ApiHelper.HttpRequest(String userName, String Password, String Url, String PostData) in C:\Users\Administrator\Desktop\RelievePay\ReCommon\ApiHelper.cs:line 93
   at AppWebApi.Controllers.UserCheckController.AccountProving(UserInfoModel model) in C:\Users\Administrator\Desktop\RelievePay\AppWebApi\Controllers\UserCheckController.cs:line 156
——————————
时间：2017-09-08 11:43:45,559
线程：[10]
类型：ERROR
标题：Error
内容：System.Net.WebException: The remote server returned an error: (403) Forbidden.
   at System.Net.HttpWebRequest.GetResponse()
   at ReCommon.ApiHelper.HttpRequest(String userName, String Password, String Url, String PostData) in C:\Users\Administrator\Desktop\RelievePay\ReCommon\ApiHelper.cs:line 93
   at AppWebApi.Controllers.UserCheckController.AccountProving(UserInfoModel model) in C:\Users\Administrator\Desktop\RelievePay\AppWebApi\Controllers\UserCheckController.cs:line 156
——————————
时间：2017-09-08 11:43:45,792
线程：[10]
类型：ERROR
标题：Error
内容：System.Net.WebException: The remote server returned an error: (403) Forbidden.
   at System.Net.HttpWebRequest.GetResponse()
   at ReCommon.ApiHelper.HttpRequest(String userName, String Password, String Url, String PostData) in C:\Users\Administrator\Desktop\RelievePay\ReCommon\ApiHelper.cs:line 93
   at AppWebApi.Controllers.UserCheckController.AccountProving(UserInfoModel model) in C:\Users\Administrator\Desktop\RelievePay\AppWebApi\Controllers\UserCheckController.cs:line 156
——————————
时间：2017-09-08 11:43:45,978
线程：[21]
类型：ERROR
标题：Error
内容：System.Net.WebException: The remote server returned an error: (403) Forbidden.
   at System.Net.HttpWebRequest.GetResponse()
   at ReCommon.ApiHelper.HttpRequest(String userName, String Password, String Url, String PostData) in C:\Users\Administrator\Desktop\RelievePay\ReCommon\ApiHelper.cs:line 93
   at AppWebApi.Controllers.UserCheckController.AccountProving(UserInfoModel model) in C:\Users\Administrator\Desktop\RelievePay\AppWebApi\Controllers\UserCheckController.cs:line 156
——————————
时间：2017-09-08 11:43:46,227
线程：[17]
类型：ERROR
标题：Error
内容：System.Net.WebException: The remote server returned an error: (403) Forbidden.
   at System.Net.HttpWebRequest.GetResponse()
   at ReCommon.ApiHelper.HttpRequest(String userName, String Password, String Url, String PostData) in C:\Users\Administrator\Desktop\RelievePay\ReCommon\ApiHelper.cs:line 93
   at AppWebApi.Controllers.UserCheckController.AccountProving(UserInfoModel model) in C:\Users\Administrator\Desktop\RelievePay\AppWebApi\Controllers\UserCheckController.cs:line 156
——————————
时间：2017-09-08 11:43:46,427
线程：[10]
类型：ERROR
标题：Error
内容：System.Net.WebException: The remote server returned an error: (403) Forbidden.
   at System.Net.HttpWebRequest.GetResponse()
   at ReCommon.ApiHelper.HttpRequest(String userName, String Password, String Url, String PostData) in C:\Users\Administrator\Desktop\RelievePay\ReCommon\ApiHelper.cs:line 93
   at AppWebApi.Controllers.UserCheckController.AccountProving(UserInfoModel model) in C:\Users\Administrator\Desktop\RelievePay\AppWebApi\Controllers\UserCheckController.cs:line 156
——————————
时间：2017-09-08 11:44:10,521
线程：[5]
类型：ERROR
标题：Error
内容：System.Net.WebException: The remote server returned an error: (403) Forbidden.
   at System.Net.HttpWebRequest.GetResponse()
   at ReCommon.ApiHelper.HttpRequest(String userName, String Password, String Url, String PostData) in C:\Users\Administrator\Desktop\RelievePay\ReCommon\ApiHelper.cs:line 93
   at AppWebApi.Controllers.UserCheckController.AccountProving(UserInfoModel model) in C:\Users\Administrator\Desktop\RelievePay\AppWebApi\Controllers\UserCheckController.cs:line 156
——————————
时间：2017-09-08 11:44:11,080
线程：[5]
类型：ERROR
标题：Error
内容：System.Net.WebException: The remote server returned an error: (403) Forbidden.
   at System.Net.HttpWebRequest.GetResponse()
   at ReCommon.ApiHelper.HttpRequest(String userName, String Password, String Url, String PostData) in C:\Users\Administrator\Desktop\RelievePay\ReCommon\ApiHelper.cs:line 93
   at AppWebApi.Controllers.UserCheckController.AccountProving(UserInfoModel model) in C:\Users\Administrator\Desktop\RelievePay\AppWebApi\Controllers\UserCheckController.cs:line 156
——————————
时间：2017-09-08 11:44:11,324
线程：[8]
类型：ERROR
标题：Error
内容：System.Net.WebException: The remote server returned an error: (403) Forbidden.
   at System.Net.HttpWebRequest.GetResponse()
   at ReCommon.ApiHelper.HttpRequest(String userName, String Password, String Url, String PostData) in C:\Users\Administrator\Desktop\RelievePay\ReCommon\ApiHelper.cs:line 93
   at AppWebApi.Controllers.UserCheckController.AccountProving(UserInfoModel model) in C:\Users\Administrator\Desktop\RelievePay\AppWebApi\Controllers\UserCheckController.cs:line 156
——————————
时间：2017-09-08 11:44:11,573
线程：[18]
类型：ERROR
标题：Error
内容：System.Net.WebException: The remote server returned an error: (403) Forbidden.
   at System.Net.HttpWebRequest.GetResponse()
   at ReCommon.ApiHelper.HttpRequest(String userName, String Password, String Url, String PostData) in C:\Users\Administrator\Desktop\RelievePay\ReCommon\ApiHelper.cs:line 93
   at AppWebApi.Controllers.UserCheckController.AccountProving(UserInfoModel model) in C:\Users\Administrator\Desktop\RelievePay\AppWebApi\Controllers\UserCheckController.cs:line 156
——————————
时间：2017-09-08 11:44:11,728
线程：[10]
类型：ERROR
标题：Error
内容：System.Net.WebException: The remote server returned an error: (403) Forbidden.
   at System.Net.HttpWebRequest.GetResponse()
   at ReCommon.ApiHelper.HttpRequest(String userName, String Password, String Url, String PostData) in C:\Users\Administrator\Desktop\RelievePay\ReCommon\ApiHelper.cs:line 93
   at AppWebApi.Controllers.UserCheckController.AccountProving(UserInfoModel model) in C:\Users\Administrator\Desktop\RelievePay\AppWebApi\Controllers\UserCheckController.cs:line 156
——————————
时间：2017-09-08 11:44:11,922
线程：[10]
类型：ERROR
标题：Error
内容：System.Net.WebException: The remote server returned an error: (403) Forbidden.
   at System.Net.HttpWebRequest.GetResponse()
   at ReCommon.ApiHelper.HttpRequest(String userName, String Password, String Url, String PostData) in C:\Users\Administrator\Desktop\RelievePay\ReCommon\ApiHelper.cs:line 93
   at AppWebApi.Controllers.UserCheckController.AccountProving(UserInfoModel model) in C:\Users\Administrator\Desktop\RelievePay\AppWebApi\Controllers\UserCheckController.cs:line 156
——————————
时间：2017-09-08 11:44:12,124
线程：[5]
类型：ERROR
标题：Error
内容：System.Net.WebException: The remote server returned an error: (403) Forbidden.
   at System.Net.HttpWebRequest.GetResponse()
   at ReCommon.ApiHelper.HttpRequest(String userName, String Password, String Url, String PostData) in C:\Users\Administrator\Desktop\RelievePay\ReCommon\ApiHelper.cs:line 93
   at AppWebApi.Controllers.UserCheckController.AccountProving(UserInfoModel model) in C:\Users\Administrator\Desktop\RelievePay\AppWebApi\Controllers\UserCheckController.cs:line 156
——————————
时间：2017-09-08 11:44:12,352
线程：[5]
类型：ERROR
标题：Error
内容：System.Net.WebException: The remote server returned an error: (403) Forbidden.
   at System.Net.HttpWebRequest.GetResponse()
   at ReCommon.ApiHelper.HttpRequest(String userName, String Password, String Url, String PostData) in C:\Users\Administrator\Desktop\RelievePay\ReCommon\ApiHelper.cs:line 93
   at AppWebApi.Controllers.UserCheckController.AccountProving(UserInfoModel model) in C:\Users\Administrator\Desktop\RelievePay\AppWebApi\Controllers\UserCheckController.cs:line 156
——————————
时间：2017-09-08 11:44:12,560
线程：[8]
类型：ERROR
标题：Error
内容：System.Net.WebException: The remote server returned an error: (403) Forbidden.
   at System.Net.HttpWebRequest.GetResponse()
   at ReCommon.ApiHelper.HttpRequest(String userName, String Password, String Url, String PostData) in C:\Users\Administrator\Desktop\RelievePay\ReCommon\ApiHelper.cs:line 93
   at AppWebApi.Controllers.UserCheckController.AccountProving(UserInfoModel model) in C:\Users\Administrator\Desktop\RelievePay\AppWebApi\Controllers\UserCheckController.cs:line 156
——————————
时间：2017-09-08 11:44:12,780
线程：[5]
类型：ERROR
标题：Error
内容：System.Net.WebException: The remote server returned an error: (403) Forbidden.
   at System.Net.HttpWebRequest.GetResponse()
   at ReCommon.ApiHelper.HttpRequest(String userName, String Password, String Url, String PostData) in C:\Users\Administrator\Desktop\RelievePay\ReCommon\ApiHelper.cs:line 93
   at AppWebApi.Controllers.UserCheckController.AccountProving(UserInfoModel model) in C:\Users\Administrator\Desktop\RelievePay\AppWebApi\Controllers\UserCheckController.cs:line 156
——————————
时间：2017-09-08 11:44:12,984
线程：[5]
类型：ERROR
标题：Error
内容：System.Net.WebException: The remote server returned an error: (403) Forbidden.
   at System.Net.HttpWebRequest.GetResponse()
   at ReCommon.ApiHelper.HttpRequest(String userName, String Password, String Url, String PostData) in C:\Users\Administrator\Desktop\RelievePay\ReCommon\ApiHelper.cs:line 93
   at AppWebApi.Controllers.UserCheckController.AccountProving(UserInfoModel model) in C:\Users\Administrator\Desktop\RelievePay\AppWebApi\Controllers\UserCheckController.cs:line 156
——————————
时间：2017-09-08 11:44:13,221
线程：[21]
类型：ERROR
标题：Error
内容：System.Net.WebException: The remote server returned an error: (403) Forbidden.
   at System.Net.HttpWebRequest.GetResponse()
   at ReCommon.ApiHelper.HttpRequest(String userName, String Password, String Url, String PostData) in C:\Users\Administrator\Desktop\RelievePay\ReCommon\ApiHelper.cs:line 93
   at AppWebApi.Controllers.UserCheckController.AccountProving(UserInfoModel model) in C:\Users\Administrator\Desktop\RelievePay\AppWebApi\Controllers\UserCheckController.cs:line 156
——————————
时间：2017-09-08 11:44:13,413
线程：[8]
类型：ERROR
标题：Error
内容：System.Net.WebException: The remote server returned an error: (403) Forbidden.
   at System.Net.HttpWebRequest.GetResponse()
   at ReCommon.ApiHelper.HttpRequest(String userName, String Password, String Url, String PostData) in C:\Users\Administrator\Desktop\RelievePay\ReCommon\ApiHelper.cs:line 93
   at AppWebApi.Controllers.UserCheckController.AccountProving(UserInfoModel model) in C:\Users\Administrator\Desktop\RelievePay\AppWebApi\Controllers\UserCheckController.cs:line 156
——————————
时间：2017-09-08 11:44:13,629
线程：[5]
类型：ERROR
标题：Error
内容：System.Net.WebException: The remote server returned an error: (403) Forbidden.
   at System.Net.HttpWebRequest.GetResponse()
   at ReCommon.ApiHelper.HttpRequest(String userName, String Password, String Url, String PostData) in C:\Users\Administrator\Desktop\RelievePay\ReCommon\ApiHelper.cs:line 93
   at AppWebApi.Controllers.UserCheckController.AccountProving(UserInfoModel model) in C:\Users\Administrator\Desktop\RelievePay\AppWebApi\Controllers\UserCheckController.cs:line 156
——————————
时间：2017-09-08 11:44:13,834
线程：[8]
类型：ERROR
标题：Error
内容：System.Net.WebException: The remote server returned an error: (403) Forbidden.
   at System.Net.HttpWebRequest.GetResponse()
   at ReCommon.ApiHelper.HttpRequest(String userName, String Password, String Url, String PostData) in C:\Users\Administrator\Desktop\RelievePay\ReCommon\ApiHelper.cs:line 93
   at AppWebApi.Controllers.UserCheckController.AccountProving(UserInfoModel model) in C:\Users\Administrator\Desktop\RelievePay\AppWebApi\Controllers\UserCheckController.cs:line 156
——————————
时间：2017-09-08 11:44:14,041
线程：[5]
类型：ERROR
标题：Error
内容：System.Net.WebException: The remote server returned an error: (403) Forbidden.
   at System.Net.HttpWebRequest.GetResponse()
   at ReCommon.ApiHelper.HttpRequest(String userName, String Password, String Url, String PostData) in C:\Users\Administrator\Desktop\RelievePay\ReCommon\ApiHelper.cs:line 93
   at AppWebApi.Controllers.UserCheckController.AccountProving(UserInfoModel model) in C:\Users\Administrator\Desktop\RelievePay\AppWebApi\Controllers\UserCheckController.cs:line 156
——————————
时间：2017-09-08 11:44:14,239
线程：[8]
类型：ERROR
标题：Error
内容：System.Net.WebException: The remote server returned an error: (403) Forbidden.
   at System.Net.HttpWebRequest.GetResponse()
   at ReCommon.ApiHelper.HttpRequest(String userName, String Password, String Url, String PostData) in C:\Users\Administrator\Desktop\RelievePay\ReCommon\ApiHelper.cs:line 93
   at AppWebApi.Controllers.UserCheckController.AccountProving(UserInfoModel model) in C:\Users\Administrator\Desktop\RelievePay\AppWebApi\Controllers\UserCheckController.cs:line 156
——————————
时间：2017-09-08 11:44:14,463
线程：[5]
类型：ERROR
标题：Error
内容：System.Net.WebException: The remote server returned an error: (403) Forbidden.
   at System.Net.HttpWebRequest.GetResponse()
   at ReCommon.ApiHelper.HttpRequest(String userName, String Password, String Url, String PostData) in C:\Users\Administrator\Desktop\RelievePay\ReCommon\ApiHelper.cs:line 93
   at AppWebApi.Controllers.UserCheckController.AccountProving(UserInfoModel model) in C:\Users\Administrator\Desktop\RelievePay\AppWebApi\Controllers\UserCheckController.cs:line 156
——————————
时间：2017-09-08 11:44:14,648
线程：[17]
类型：ERROR
标题：Error
内容：System.Net.WebException: The remote server returned an error: (403) Forbidden.
   at System.Net.HttpWebRequest.GetResponse()
   at ReCommon.ApiHelper.HttpRequest(String userName, String Password, String Url, String PostData) in C:\Users\Administrator\Desktop\RelievePay\ReCommon\ApiHelper.cs:line 93
   at AppWebApi.Controllers.UserCheckController.AccountProving(UserInfoModel model) in C:\Users\Administrator\Desktop\RelievePay\AppWebApi\Controllers\UserCheckController.cs:line 156
——————————
时间：2017-09-08 11:44:14,858
线程：[8]
类型：ERROR
标题：Error
内容：System.Net.WebException: The remote server returned an error: (403) Forbidden.
   at System.Net.HttpWebRequest.GetResponse()
   at ReCommon.ApiHelper.HttpRequest(String userName, String Password, String Url, String PostData) in C:\Users\Administrator\Desktop\RelievePay\ReCommon\ApiHelper.cs:line 93
   at AppWebApi.Controllers.UserCheckController.AccountProving(UserInfoModel model) in C:\Users\Administrator\Desktop\RelievePay\AppWebApi\Controllers\UserCheckController.cs:line 156
——————————
时间：2017-09-08 11:44:15,075
线程：[5]
类型：ERROR
标题：Error
内容：System.Net.WebException: The remote server returned an error: (403) Forbidden.
   at System.Net.HttpWebRequest.GetResponse()
   at ReCommon.ApiHelper.HttpRequest(String userName, String Password, String Url, String PostData) in C:\Users\Administrator\Desktop\RelievePay\ReCommon\ApiHelper.cs:line 93
   at AppWebApi.Controllers.UserCheckController.AccountProving(UserInfoModel model) in C:\Users\Administrator\Desktop\RelievePay\AppWebApi\Controllers\UserCheckController.cs:line 156
——————————
时间：2017-09-08 11:44:15,328
线程：[8]
类型：ERROR
标题：Error
内容：System.Net.WebException: The remote server returned an error: (403) Forbidden.
   at System.Net.HttpWebRequest.GetResponse()
   at ReCommon.ApiHelper.HttpRequest(String userName, String Password, String Url, String PostData) in C:\Users\Administrator\Desktop\RelievePay\ReCommon\ApiHelper.cs:line 93
   at AppWebApi.Controllers.UserCheckController.AccountProving(UserInfoModel model) in C:\Users\Administrator\Desktop\RelievePay\AppWebApi\Controllers\UserCheckController.cs:line 156
——————————
时间：2017-09-08 11:44:15,482
线程：[5]
类型：ERROR
标题：Error
内容：System.Net.WebException: The remote server returned an error: (403) Forbidden.
   at System.Net.HttpWebRequest.GetResponse()
   at ReCommon.ApiHelper.HttpRequest(String userName, String Password, String Url, String PostData) in C:\Users\Administrator\Desktop\RelievePay\ReCommon\ApiHelper.cs:line 93
   at AppWebApi.Controllers.UserCheckController.AccountProving(UserInfoModel model) in C:\Users\Administrator\Desktop\RelievePay\AppWebApi\Controllers\UserCheckController.cs:line 156
——————————

----------------------header--------------------------

时间：2017-09-08 11:47:46,885
线程：[8]
类型：ERROR
标题：Error
内容：System.Net.WebException: The operation has timed out
   at System.Net.HttpWebRequest.GetResponse()
   at ReCommon.ApiHelper.HttpRequest(String userName, String Password, String Url, String PostData) in C:\Users\Administrator\Desktop\RelievePay\ReCommon\ApiHelper.cs:line 93
   at AppWebApi.Controllers.UserCheckController.UserInfo(UserInfoModel model) in C:\Users\Administrator\Desktop\RelievePay\AppWebApi\Controllers\UserCheckController.cs:line 212
——————————
时间：2017-09-08 11:48:02,660
线程：[10]
类型：ERROR
标题：Error
内容：System.Net.WebException: The operation has timed out
   at System.Net.HttpWebRequest.GetResponse()
   at ReCommon.ApiHelper.HttpRequest(String userName, String Password, String Url, String PostData) in C:\Users\Administrator\Desktop\RelievePay\ReCommon\ApiHelper.cs:line 93
   at AppWebApi.Controllers.UserCheckController.AccountProving(UserInfoModel model) in C:\Users\Administrator\Desktop\RelievePay\AppWebApi\Controllers\UserCheckController.cs:line 156
——————————
时间：2017-09-08 11:48:04,090
线程：[5]
类型：ERROR
标题：Error
内容：System.Net.WebException: The operation has timed out
   at System.Net.HttpWebRequest.GetResponse()
   at ReCommon.ApiHelper.HttpRequest(String userName, String Password, String Url, String PostData) in C:\Users\Administrator\Desktop\RelievePay\ReCommon\ApiHelper.cs:line 93
   at AppWebApi.Controllers.UserCheckController.AccountProving(UserInfoModel model) in C:\Users\Administrator\Desktop\RelievePay\AppWebApi\Controllers\UserCheckController.cs:line 156
——————————
时间：2017-09-08 11:48:07,576
线程：[13]
类型：ERROR
标题：Error
内容：System.Net.WebException: The operation has timed out
   at System.Net.HttpWebRequest.GetResponse()
   at ReCommon.ApiHelper.HttpRequest(String userName, String Password, String Url, String PostData) in C:\Users\Administrator\Desktop\RelievePay\ReCommon\ApiHelper.cs:line 93
   at AppWebApi.Controllers.UserCheckController.AccountProving(UserInfoModel model) in C:\Users\Administrator\Desktop\RelievePay\AppWebApi\Controllers\UserCheckController.cs:line 156
——————————
时间：2017-09-08 11:48:08,534
线程：[16]
类型：ERROR
标题：Error
内容：System.Net.WebException: The operation has timed out
   at System.Net.HttpWebRequest.GetResponse()
   at ReCommon.ApiHelper.HttpRequest(String userName, String Password, String Url, String PostData) in C:\Users\Administrator\Desktop\RelievePay\ReCommon\ApiHelper.cs:line 93
   at AppWebApi.Controllers.UserCheckController.AccountProving(UserInfoModel model) in C:\Users\Administrator\Desktop\RelievePay\AppWebApi\Controllers\UserCheckController.cs:line 156
——————————
时间：2017-09-08 11:49:03,426
线程：[18]
类型：ERROR
标题：Error
内容：System.Net.WebException: The operation has timed out
   at System.Net.HttpWebRequest.GetResponse()
   at ReCommon.ApiHelper.HttpRequest(String userName, String Password, String Url, String PostData) in C:\Users\Administrator\Desktop\RelievePay\ReCommon\ApiHelper.cs:line 93
   at AppWebApi.Controllers.UserCheckController.AccountProving(UserInfoModel model) in C:\Users\Administrator\Desktop\RelievePay\AppWebApi\Controllers\UserCheckController.cs:line 156
——————————
时间：2017-09-08 11:49:04,536
线程：[19]
类型：ERROR
标题：Error
内容：System.Net.WebException: The operation has timed out
   at System.Net.HttpWebRequest.GetResponse()
   at ReCommon.ApiHelper.HttpRequest(String userName, String Password, String Url, String PostData) in C:\Users\Administrator\Desktop\RelievePay\ReCommon\ApiHelper.cs:line 93
   at AppWebApi.Controllers.UserCheckController.AccountProving(UserInfoModel model) in C:\Users\Administrator\Desktop\RelievePay\AppWebApi\Controllers\UserCheckController.cs:line 156
——————————
时间：2017-09-08 11:49:07,879
线程：[20]
类型：ERROR
标题：Error
内容：System.Net.WebException: The operation has timed out
   at System.Net.HttpWebRequest.GetResponse()
   at ReCommon.ApiHelper.HttpRequest(String userName, String Password, String Url, String PostData) in C:\Users\Administrator\Desktop\RelievePay\ReCommon\ApiHelper.cs:line 93
   at AppWebApi.Controllers.UserCheckController.AccountProving(UserInfoModel model) in C:\Users\Administrator\Desktop\RelievePay\AppWebApi\Controllers\UserCheckController.cs:line 156
——————————
时间：2017-09-08 11:49:08,942
线程：[21]
类型：ERROR
标题：Error
内容：System.Net.WebException: The operation has timed out
   at System.Net.HttpWebRequest.GetResponse()
   at ReCommon.ApiHelper.HttpRequest(String userName, String Password, String Url, String PostData) in C:\Users\Administrator\Desktop\RelievePay\ReCommon\ApiHelper.cs:line 93
   at AppWebApi.Controllers.UserCheckController.AccountProving(UserInfoModel model) in C:\Users\Administrator\Desktop\RelievePay\AppWebApi\Controllers\UserCheckController.cs:line 156
——————————
时间：2017-09-08 12:12:42,843
线程：[30]
类型：ERROR
标题：Error
内容：System.Net.WebException: Unable to connect to the remote server ---> System.Net.Sockets.SocketException: A connection attempt failed because the connected party did not properly respond after a period of time, or established connection failed because connected host has failed to respond 192.168.1.179:8080
   at System.Net.Sockets.Socket.DoConnect(EndPoint endPointSnapshot, SocketAddress socketAddress)
   at System.Net.ServicePoint.ConnectSocketInternal(Boolean connectFailure, Socket s4, Socket s6, Socket& socket, IPAddress& address, ConnectSocketState state, IAsyncResult asyncResult, Exception& exception)
   --- End of inner exception stack trace ---
   at System.Net.HttpWebRequest.GetRequestStream(TransportContext& context)
   at System.Net.HttpWebRequest.GetRequestStream()
   at ReCommon.ApiHelper.HttpRequest(String userName, String Password, String Url, String PostData) in C:\Users\Administrator\Desktop\RelievePay\ReCommon\ApiHelper.cs:line 85
   at AppWebApi.Controllers.UserCheckController.UserInfo(UserInfoModel model) in C:\Users\Administrator\Desktop\RelievePay\AppWebApi\Controllers\UserCheckController.cs:line 212
——————————
时间：2017-09-08 12:15:14,846
线程：[32]
类型：ERROR
标题：Error
内容：System.Net.WebException: Unable to connect to the remote server ---> System.Net.Sockets.SocketException: A connection attempt failed because the connected party did not properly respond after a period of time, or established connection failed because connected host has failed to respond 192.168.1.179:8080
   at System.Net.Sockets.Socket.DoConnect(EndPoint endPointSnapshot, SocketAddress socketAddress)
   at System.Net.ServicePoint.ConnectSocketInternal(Boolean connectFailure, Socket s4, Socket s6, Socket& socket, IPAddress& address, ConnectSocketState state, IAsyncResult asyncResult, Exception& exception)
   --- End of inner exception stack trace ---
   at System.Net.HttpWebRequest.GetRequestStream(TransportContext& context)
   at System.Net.HttpWebRequest.GetRequestStream()
   at ReCommon.ApiHelper.HttpRequest(String userName, String Password, String Url, String PostData) in C:\Users\Administrator\Desktop\RelievePay\ReCommon\ApiHelper.cs:line 85
   at AppWebApi.Controllers.UserCheckController.UserInfo(UserInfoModel model) in C:\Users\Administrator\Desktop\RelievePay\AppWebApi\Controllers\UserCheckController.cs:line 212
——————————

----------------------header--------------------------

时间：2017-09-08 15:43:57,830
线程：[16]
类型：ERROR
标题：Error
内容：System.Net.WebException: The remote server returned an error: (403) Forbidden.
   at System.Net.HttpWebRequest.GetResponse()
   at ReCommon.ApiHelper.HttpRequest(String userName, String Password, String Url, String PostData) in C:\Users\Administrator\Desktop\RelievePay\ReCommon\ApiHelper.cs:line 93
   at AppWebApi.Controllers.CommodityReportController.GetCommodityInfo(ProductInfoModel model) in C:\Users\Administrator\Desktop\RelievePay\AppWebApi\Controllers\CommodityReportController.cs:line 116
——————————
时间：2017-09-08 15:45:10,895
线程：[16]
类型：ERROR
标题：Error
内容：System.Net.WebException: The remote server returned an error: (403) Forbidden.
   at System.Net.HttpWebRequest.GetResponse()
   at ReCommon.ApiHelper.HttpRequest(String userName, String Password, String Url, String PostData) in C:\Users\Administrator\Desktop\RelievePay\ReCommon\ApiHelper.cs:line 93
   at AppWebApi.Controllers.CommodityReportController.GetCommodityInfo(ProductInfoModel model) in C:\Users\Administrator\Desktop\RelievePay\AppWebApi\Controllers\CommodityReportController.cs:line 116
——————————

----------------------header--------------------------

时间：2017-09-08 16:05:13,158
线程：[20]
类型：ERROR
标题：Error
内容：System.Net.WebException: Unable to connect to the remote server ---> System.Net.Sockets.SocketException: A connection attempt failed because the connected party did not properly respond after a period of time, or established connection failed because connected host has failed to respond 192.168.1.179:8080
   at System.Net.Sockets.Socket.DoConnect(EndPoint endPointSnapshot, SocketAddress socketAddress)
   at System.Net.ServicePoint.ConnectSocketInternal(Boolean connectFailure, Socket s4, Socket s6, Socket& socket, IPAddress& address, ConnectSocketState state, IAsyncResult asyncResult, Exception& exception)
   --- End of inner exception stack trace ---
   at System.Net.HttpWebRequest.GetRequestStream(TransportContext& context)
   at System.Net.HttpWebRequest.GetRequestStream()
   at ReCommon.ApiHelper.HttpRequest(String userName, String Password, String Url, String PostData) in C:\Users\Administrator\Desktop\RelievePay\ReCommon\ApiHelper.cs:line 85
   at AppWebApi.Controllers.CommodityReportController.GetCommodityInfo(ProductInfoModel model) in C:\Users\Administrator\Desktop\RelievePay\AppWebApi\Controllers\CommodityReportController.cs:line 116
——————————

----------------------header--------------------------

时间：2017-09-08 17:54:37,009
线程：[9]
类型：ERROR
标题：Error
内容：System.Net.WebException: The remote server returned an error: (403) Forbidden.
   at System.Net.HttpWebRequest.GetResponse()
   at ReCommon.ApiHelper.HttpRequest(String userName, String Password, String Url, String PostData)
   at AppWebApi.Controllers.UserCheckController.AccountProving(UserInfoModel model) in C:\Users\Administrator\Desktop\RelievePay\AppWebApi\Controllers\UserCheckController.cs:line 156
——————————
时间：2017-09-08 17:54:40,583
线程：[9]
类型：ERROR
标题：Error
内容：System.Net.WebException: The remote server returned an error: (403) Forbidden.
   at System.Net.HttpWebRequest.GetResponse()
   at ReCommon.ApiHelper.HttpRequest(String userName, String Password, String Url, String PostData)
   at AppWebApi.Controllers.UserCheckController.AccountProving(UserInfoModel model) in C:\Users\Administrator\Desktop\RelievePay\AppWebApi\Controllers\UserCheckController.cs:line 156
——————————
时间：2017-09-08 17:55:17,292
线程：[5]
类型：ERROR
标题：Error
内容：System.Net.WebException: The remote server returned an error: (403) Forbidden.
   at System.Net.HttpWebRequest.GetResponse()
   at ReCommon.ApiHelper.HttpRequest(String userName, String Password, String Url, String PostData)
   at AppWebApi.Controllers.UserCheckController.AccountProving(UserInfoModel model) in C:\Users\Administrator\Desktop\RelievePay\AppWebApi\Controllers\UserCheckController.cs:line 156
——————————
时间：2017-09-08 17:56:40,220
线程：[9]
类型：ERROR
标题：Error
内容：System.Net.WebException: The remote server returned an error: (403) Forbidden.
   at System.Net.HttpWebRequest.GetResponse()
   at ReCommon.ApiHelper.HttpRequest(String userName, String Password, String Url, String PostData)
   at AppWebApi.Controllers.UserCheckController.AccountProving(UserInfoModel model) in C:\Users\Administrator\Desktop\RelievePay\AppWebApi\Controllers\UserCheckController.cs:line 156
——————————
