
----------------------header--------------------------

时间：2017-09-13 11:28:07,117
线程：[8]
类型：ERROR
标题：Error
内容：System.Net.WebException: Unable to connect to the remote server ---> System.Net.Sockets.SocketException: A connection attempt failed because the connected party did not properly respond after a period of time, or established connection failed because connected host has failed to respond 192.168.1.195:8080
   at System.Net.Sockets.Socket.DoConnect(EndPoint endPointSnapshot, SocketAddress socketAddress)
   at System.Net.ServicePoint.ConnectSocketInternal(Boolean connectFailure, Socket s4, Socket s6, Socket& socket, IPAddress& address, ConnectSocketState state, IAsyncResult asyncResult, Exception& exception)
   --- End of inner exception stack trace ---
   at System.Net.HttpWebRequest.GetRequestStream(TransportContext& context)
   at System.Net.HttpWebRequest.GetRequestStream()
   at ReCommon.ApiHelper.HttpRequest(String userName, String Password, String Url, String PostData) in C:\Users\Administrator\Desktop\RelievePay\ReCommon\ApiHelper.cs:line 85
   at AppWebApi.Controllers.CommodityReportController.GetCommodityInfo(ProductInfoModel model) in C:\Users\Administrator\Desktop\RelievePay\AppWebApi\Controllers\CommodityReportController.cs:line 116
——————————

----------------------header--------------------------

时间：2017-09-13 11:41:35,766
线程：[19]
类型：ERROR
标题：Error
内容：System.Net.WebException: The remote server returned an error: (500) Internal Server Error.
   at System.Net.HttpWebRequest.GetResponse()
   at ReCommon.ApiHelper.HttpRequest(String userName, String Password, String Url, String PostData) in C:\Users\Administrator\Desktop\RelievePay\ReCommon\ApiHelper.cs:line 93
   at AppWebApi.Controllers.CommodityReportController.GetCommodityInfo(ProductInfoModel model) in C:\Users\Administrator\Desktop\RelievePay\AppWebApi\Controllers\CommodityReportController.cs:line 116
——————————
时间：2017-09-13 11:45:54,563
线程：[8]
类型：ERROR
标题：Error
内容：System.Net.WebException: The remote server returned an error: (500) Internal Server Error.
   at System.Net.HttpWebRequest.GetResponse()
   at ReCommon.ApiHelper.HttpRequest(String userName, String Password, String Url, String PostData) in C:\Users\Administrator\Desktop\RelievePay\ReCommon\ApiHelper.cs:line 93
   at AppWebApi.Controllers.CommodityReportController.GetCommodityInfo(ProductInfoModel model) in C:\Users\Administrator\Desktop\RelievePay\AppWebApi\Controllers\CommodityReportController.cs:line 116
——————————
时间：2017-09-13 11:49:35,879
线程：[24]
类型：ERROR
标题：Error
内容：System.Net.WebException: The remote server returned an error: (500) Internal Server Error.
   at System.Net.HttpWebRequest.GetResponse()
   at ReCommon.ApiHelper.HttpRequest(String userName, String Password, String Url, String PostData) in C:\Users\Administrator\Desktop\RelievePay\ReCommon\ApiHelper.cs:line 93
   at AppWebApi.Controllers.CommodityReportController.GetCommodityInfo(ProductInfoModel model) in C:\Users\Administrator\Desktop\RelievePay\AppWebApi\Controllers\CommodityReportController.cs:line 116
——————————

----------------------header--------------------------

时间：2017-09-13 11:54:52,164
线程：[5]
类型：ERROR
标题：Error
内容：System.Net.WebException: The underlying connection was closed: The connection was closed unexpectedly.
   at System.Net.HttpWebRequest.GetResponse()
   at ReCommon.ApiHelper.HttpRequest(String userName, String Password, String Url, String PostData) in C:\Users\Administrator\Desktop\RelievePay\ReCommon\ApiHelper.cs:line 93
   at AppWebApi.Controllers.CommodityReportController.GetCommodityInfo(ProductInfoModel model) in C:\Users\Administrator\Desktop\RelievePay\AppWebApi\Controllers\CommodityReportController.cs:line 116
——————————

----------------------header--------------------------

时间：2017-09-13 11:57:15,803
线程：[6]
类型：ERROR
标题：Error
内容：System.Net.WebException: The remote server returned an error: (500) Internal Server Error.
   at System.Net.HttpWebRequest.GetResponse()
   at ReCommon.ApiHelper.HttpRequest(String userName, String Password, String Url, String PostData) in C:\Users\Administrator\Desktop\RelievePay\ReCommon\ApiHelper.cs:line 93
   at AppWebApi.Controllers.CommodityReportController.GetCommodityInfo(ProductInfoModel model) in C:\Users\Administrator\Desktop\RelievePay\AppWebApi\Controllers\CommodityReportController.cs:line 116
——————————

----------------------header--------------------------

时间：2017-09-13 15:32:55,172
线程：[8]
类型：ERROR
标题：Error
内容：System.Net.WebException: The remote server returned an error: (500) Internal Server Error.
   at System.Net.HttpWebRequest.GetResponse()
   at ReCommon.ApiHelper.HttpRequest(String userName, String Password, String Url, String PostData) in C:\Users\Administrator\Desktop\RelievePay\ReCommon\ApiHelper.cs:line 93
   at AppWebApi.Controllers.CommodityReportController.GetCommodityInfo(ProductInfoModel model) in C:\Users\Administrator\Desktop\RelievePay\AppWebApi\Controllers\CommodityReportController.cs:line 116
——————————
时间：2017-09-13 15:36:05,417
线程：[6]
类型：ERROR
标题：Error
内容：System.Net.WebException: The remote server returned an error: (500) Internal Server Error.
   at System.Net.HttpWebRequest.GetResponse()
   at ReCommon.ApiHelper.HttpRequest(String userName, String Password, String Url, String PostData) in C:\Users\Administrator\Desktop\RelievePay\ReCommon\ApiHelper.cs:line 93
   at AppWebApi.Controllers.CommodityReportController.GetCommodityInfo(ProductInfoModel model) in C:\Users\Administrator\Desktop\RelievePay\AppWebApi\Controllers\CommodityReportController.cs:line 116
——————————
时间：2017-09-13 15:39:04,963
线程：[6]
类型：ERROR
标题：Error
内容：System.Net.WebException: The remote server returned an error: (500) Internal Server Error.
   at System.Net.HttpWebRequest.GetResponse()
   at ReCommon.ApiHelper.HttpRequest(String userName, String Password, String Url, String PostData) in C:\Users\Administrator\Desktop\RelievePay\ReCommon\ApiHelper.cs:line 93
   at AppWebApi.Controllers.CommodityReportController.GetCommodityInfo(ProductInfoModel model) in C:\Users\Administrator\Desktop\RelievePay\AppWebApi\Controllers\CommodityReportController.cs:line 116
——————————
时间：2017-09-13 15:41:03,878
线程：[6]
类型：ERROR
标题：Error
内容：System.Net.WebException: The remote server returned an error: (500) Internal Server Error.
   at System.Net.HttpWebRequest.GetResponse()
   at ReCommon.ApiHelper.HttpRequest(String userName, String Password, String Url, String PostData) in C:\Users\Administrator\Desktop\RelievePay\ReCommon\ApiHelper.cs:line 93
   at AppWebApi.Controllers.CommodityReportController.GetCommodityInfo(ProductInfoModel model) in C:\Users\Administrator\Desktop\RelievePay\AppWebApi\Controllers\CommodityReportController.cs:line 116
——————————
时间：2017-09-13 15:41:35,982
线程：[6]
类型：ERROR
标题：Error
内容：System.Net.WebException: The remote server returned an error: (500) Internal Server Error.
   at System.Net.HttpWebRequest.GetResponse()
   at ReCommon.ApiHelper.HttpRequest(String userName, String Password, String Url, String PostData) in C:\Users\Administrator\Desktop\RelievePay\ReCommon\ApiHelper.cs:line 93
   at AppWebApi.Controllers.CommodityReportController.GetCommodityInfo(ProductInfoModel model) in C:\Users\Administrator\Desktop\RelievePay\AppWebApi\Controllers\CommodityReportController.cs:line 116
——————————
时间：2017-09-13 15:42:03,279
线程：[6]
类型：ERROR
标题：Error
内容：System.Net.WebException: The remote server returned an error: (500) Internal Server Error.
   at System.Net.HttpWebRequest.GetResponse()
   at ReCommon.ApiHelper.HttpRequest(String userName, String Password, String Url, String PostData) in C:\Users\Administrator\Desktop\RelievePay\ReCommon\ApiHelper.cs:line 93
   at AppWebApi.Controllers.CommodityReportController.GetCommodityInfo(ProductInfoModel model) in C:\Users\Administrator\Desktop\RelievePay\AppWebApi\Controllers\CommodityReportController.cs:line 116
——————————
时间：2017-09-13 15:42:21,785
线程：[6]
类型：ERROR
标题：Error
内容：System.Net.WebException: The remote server returned an error: (500) Internal Server Error.
   at System.Net.HttpWebRequest.GetResponse()
   at ReCommon.ApiHelper.HttpRequest(String userName, String Password, String Url, String PostData) in C:\Users\Administrator\Desktop\RelievePay\ReCommon\ApiHelper.cs:line 93
   at AppWebApi.Controllers.CommodityReportController.GetCommodityInfo(ProductInfoModel model) in C:\Users\Administrator\Desktop\RelievePay\AppWebApi\Controllers\CommodityReportController.cs:line 116
——————————
时间：2017-09-13 15:42:32,334
线程：[6]
类型：ERROR
标题：Error
内容：System.Net.WebException: The remote server returned an error: (500) Internal Server Error.
   at System.Net.HttpWebRequest.GetResponse()
   at ReCommon.ApiHelper.HttpRequest(String userName, String Password, String Url, String PostData) in C:\Users\Administrator\Desktop\RelievePay\ReCommon\ApiHelper.cs:line 93
   at AppWebApi.Controllers.CommodityReportController.GetCommodityInfo(ProductInfoModel model) in C:\Users\Administrator\Desktop\RelievePay\AppWebApi\Controllers\CommodityReportController.cs:line 116
——————————
时间：2017-09-13 15:43:13,887
线程：[6]
类型：ERROR
标题：Error
内容：System.Net.WebException: The remote server returned an error: (500) Internal Server Error.
   at System.Net.HttpWebRequest.GetResponse()
   at ReCommon.ApiHelper.HttpRequest(String userName, String Password, String Url, String PostData) in C:\Users\Administrator\Desktop\RelievePay\ReCommon\ApiHelper.cs:line 93
   at AppWebApi.Controllers.CommodityReportController.GetCommodityInfo(ProductInfoModel model) in C:\Users\Administrator\Desktop\RelievePay\AppWebApi\Controllers\CommodityReportController.cs:line 116
——————————
时间：2017-09-13 15:43:25,382
线程：[6]
类型：ERROR
标题：Error
内容：System.Net.WebException: The remote server returned an error: (500) Internal Server Error.
   at System.Net.HttpWebRequest.GetResponse()
   at ReCommon.ApiHelper.HttpRequest(String userName, String Password, String Url, String PostData) in C:\Users\Administrator\Desktop\RelievePay\ReCommon\ApiHelper.cs:line 93
   at AppWebApi.Controllers.CommodityReportController.GetCommodityInfo(ProductInfoModel model) in C:\Users\Administrator\Desktop\RelievePay\AppWebApi\Controllers\CommodityReportController.cs:line 116
——————————

----------------------header--------------------------

时间：2017-09-13 15:44:05,851
线程：[5]
类型：ERROR
标题：Error
内容：System.Net.WebException: The remote server returned an error: (500) Internal Server Error.
   at System.Net.HttpWebRequest.GetResponse()
   at ReCommon.ApiHelper.HttpRequest(String userName, String Password, String Url, String PostData) in C:\Users\Administrator\Desktop\RelievePay\ReCommon\ApiHelper.cs:line 93
   at AppWebApi.Controllers.CommodityReportController.GetCommodityInfo(ProductInfoModel model) in C:\Users\Administrator\Desktop\RelievePay\AppWebApi\Controllers\CommodityReportController.cs:line 116
——————————
时间：2017-09-13 15:45:12,142
线程：[5]
类型：ERROR
标题：Error
内容：System.Net.WebException: The remote server returned an error: (500) Internal Server Error.
   at System.Net.HttpWebRequest.GetResponse()
   at ReCommon.ApiHelper.HttpRequest(String userName, String Password, String Url, String PostData) in C:\Users\Administrator\Desktop\RelievePay\ReCommon\ApiHelper.cs:line 93
   at AppWebApi.Controllers.CommodityReportController.GetCommodityInfo(ProductInfoModel model) in C:\Users\Administrator\Desktop\RelievePay\AppWebApi\Controllers\CommodityReportController.cs:line 116
——————————
时间：2017-09-13 15:45:34,019
线程：[11]
类型：ERROR
标题：Error
内容：System.Net.WebException: The remote server returned an error: (500) Internal Server Error.
   at System.Net.HttpWebRequest.GetResponse()
   at ReCommon.ApiHelper.HttpRequest(String userName, String Password, String Url, String PostData) in C:\Users\Administrator\Desktop\RelievePay\ReCommon\ApiHelper.cs:line 93
   at AppWebApi.Controllers.CommodityReportController.GetCommodityInfo(ProductInfoModel model) in C:\Users\Administrator\Desktop\RelievePay\AppWebApi\Controllers\CommodityReportController.cs:line 116
——————————
时间：2017-09-13 15:46:46,087
线程：[5]
类型：ERROR
标题：Error
内容：System.Net.WebException: The remote server returned an error: (500) Internal Server Error.
   at System.Net.HttpWebRequest.GetResponse()
   at ReCommon.ApiHelper.HttpRequest(String userName, String Password, String Url, String PostData) in C:\Users\Administrator\Desktop\RelievePay\ReCommon\ApiHelper.cs:line 93
   at AppWebApi.Controllers.CommodityReportController.GetCommodityInfo(ProductInfoModel model) in C:\Users\Administrator\Desktop\RelievePay\AppWebApi\Controllers\CommodityReportController.cs:line 116
——————————
时间：2017-09-13 15:47:17,368
线程：[15]
类型：ERROR
标题：Error
内容：System.Net.WebException: The remote server returned an error: (500) Internal Server Error.
   at System.Net.HttpWebRequest.GetResponse()
   at ReCommon.ApiHelper.HttpRequest(String userName, String Password, String Url, String PostData) in C:\Users\Administrator\Desktop\RelievePay\ReCommon\ApiHelper.cs:line 93
   at AppWebApi.Controllers.CommodityReportController.GetCommodityInfo(ProductInfoModel model) in C:\Users\Administrator\Desktop\RelievePay\AppWebApi\Controllers\CommodityReportController.cs:line 116
——————————
时间：2017-09-13 15:48:28,680
线程：[11]
类型：ERROR
标题：Error
内容：System.Net.WebException: The remote server returned an error: (500) Internal Server Error.
   at System.Net.HttpWebRequest.GetResponse()
   at ReCommon.ApiHelper.HttpRequest(String userName, String Password, String Url, String PostData) in C:\Users\Administrator\Desktop\RelievePay\ReCommon\ApiHelper.cs:line 93
   at AppWebApi.Controllers.CommodityReportController.GetCommodityInfo(ProductInfoModel model) in C:\Users\Administrator\Desktop\RelievePay\AppWebApi\Controllers\CommodityReportController.cs:line 116
——————————
时间：2017-09-13 15:49:50,796
线程：[11]
类型：ERROR
标题：Error
内容：System.Net.WebException: The remote server returned an error: (500) Internal Server Error.
   at System.Net.HttpWebRequest.GetResponse()
   at ReCommon.ApiHelper.HttpRequest(String userName, String Password, String Url, String PostData) in C:\Users\Administrator\Desktop\RelievePay\ReCommon\ApiHelper.cs:line 93
   at AppWebApi.Controllers.CommodityReportController.GetCommodityInfo(ProductInfoModel model) in C:\Users\Administrator\Desktop\RelievePay\AppWebApi\Controllers\CommodityReportController.cs:line 116
——————————
时间：2017-09-13 15:50:06,802
线程：[11]
类型：ERROR
标题：Error
内容：System.Net.WebException: The remote server returned an error: (500) Internal Server Error.
   at System.Net.HttpWebRequest.GetResponse()
   at ReCommon.ApiHelper.HttpRequest(String userName, String Password, String Url, String PostData) in C:\Users\Administrator\Desktop\RelievePay\ReCommon\ApiHelper.cs:line 93
   at AppWebApi.Controllers.CommodityReportController.GetCommodityInfo(ProductInfoModel model) in C:\Users\Administrator\Desktop\RelievePay\AppWebApi\Controllers\CommodityReportController.cs:line 116
——————————
时间：2017-09-13 15:50:26,207
线程：[11]
类型：ERROR
标题：Error
内容：System.Net.WebException: The remote server returned an error: (500) Internal Server Error.
   at System.Net.HttpWebRequest.GetResponse()
   at ReCommon.ApiHelper.HttpRequest(String userName, String Password, String Url, String PostData) in C:\Users\Administrator\Desktop\RelievePay\ReCommon\ApiHelper.cs:line 93
   at AppWebApi.Controllers.CommodityReportController.GetCommodityInfo(ProductInfoModel model) in C:\Users\Administrator\Desktop\RelievePay\AppWebApi\Controllers\CommodityReportController.cs:line 116
——————————
时间：2017-09-13 16:01:11,200
线程：[21]
类型：ERROR
标题：Error
内容：System.Net.WebException: The remote server returned an error: (500) Internal Server Error.
   at System.Net.HttpWebRequest.GetResponse()
   at ReCommon.ApiHelper.HttpRequest(String userName, String Password, String Url, String PostData) in C:\Users\Administrator\Desktop\RelievePay\ReCommon\ApiHelper.cs:line 93
   at AppWebApi.Controllers.CommodityReportController.GetCommodityInfo(ProductInfoModel model) in C:\Users\Administrator\Desktop\RelievePay\AppWebApi\Controllers\CommodityReportController.cs:line 116
——————————
时间：2017-09-13 16:01:32,848
线程：[21]
类型：ERROR
标题：Error
内容：System.Net.WebException: The remote server returned an error: (500) Internal Server Error.
   at System.Net.HttpWebRequest.GetResponse()
   at ReCommon.ApiHelper.HttpRequest(String userName, String Password, String Url, String PostData) in C:\Users\Administrator\Desktop\RelievePay\ReCommon\ApiHelper.cs:line 93
   at AppWebApi.Controllers.CommodityReportController.GetCommodityInfo(ProductInfoModel model) in C:\Users\Administrator\Desktop\RelievePay\AppWebApi\Controllers\CommodityReportController.cs:line 116
——————————
时间：2017-09-13 16:03:12,476
线程：[21]
类型：ERROR
标题：Error
内容：System.Net.WebException: The remote server returned an error: (500) Internal Server Error.
   at System.Net.HttpWebRequest.GetResponse()
   at ReCommon.ApiHelper.HttpRequest(String userName, String Password, String Url, String PostData) in C:\Users\Administrator\Desktop\RelievePay\ReCommon\ApiHelper.cs:line 93
   at AppWebApi.Controllers.CommodityReportController.GetCommodityInfo(ProductInfoModel model) in C:\Users\Administrator\Desktop\RelievePay\AppWebApi\Controllers\CommodityReportController.cs:line 116
——————————

----------------------header--------------------------

时间：2017-09-13 16:47:14,302
线程：[6]
类型：ERROR
标题：Error
内容：System.Net.WebException: The remote server returned an error: (404) Not Found.
   at System.Net.HttpWebRequest.GetResponse()
   at ReCommon.ApiHelper.HttpRequest(String userName, String Password, String Url, String PostData) in C:\Users\Administrator\Desktop\RelievePay\ReCommon\ApiHelper.cs:line 93
   at AppWebApi.Controllers.UserCheckController.PasswdProving(UserInfoModel model) in C:\Users\Administrator\Desktop\RelievePay\AppWebApi\Controllers\UserCheckController.cs:line 425
——————————

----------------------header--------------------------

时间：2017-09-13 17:01:04,446
线程：[26]
类型：ERROR
标题：Error
内容：System.Net.WebException: The remote server returned an error: (404) Not Found.
   at System.Net.HttpWebRequest.GetResponse()
   at ReCommon.ApiHelper.HttpRequest(String userName, String Password, String Url, String PostData) in C:\Users\Administrator\Desktop\RelievePay\ReCommon\ApiHelper.cs:line 93
   at AppWebApi.Controllers.UserCheckController.ModifyPasswd(ProductInfoModel model) in C:\Users\Administrator\Desktop\RelievePay\AppWebApi\Controllers\UserCheckController.cs:line 374
——————————
时间：2017-09-13 17:01:06,067
线程：[24]
类型：ERROR
标题：Error
内容：System.Net.WebException: The remote server returned an error: (404) Not Found.
   at System.Net.HttpWebRequest.GetResponse()
   at ReCommon.ApiHelper.HttpRequest(String userName, String Password, String Url, String PostData) in C:\Users\Administrator\Desktop\RelievePay\ReCommon\ApiHelper.cs:line 93
   at AppWebApi.Controllers.UserCheckController.ModifyPasswd(ProductInfoModel model) in C:\Users\Administrator\Desktop\RelievePay\AppWebApi\Controllers\UserCheckController.cs:line 374
——————————
时间：2017-09-13 17:01:23,898
线程：[30]
类型：ERROR
标题：Error
内容：System.Net.WebException: The remote server returned an error: (404) Not Found.
   at System.Net.HttpWebRequest.GetResponse()
   at ReCommon.ApiHelper.HttpRequest(String userName, String Password, String Url, String PostData) in C:\Users\Administrator\Desktop\RelievePay\ReCommon\ApiHelper.cs:line 93
   at AppWebApi.Controllers.UserCheckController.ModifyPasswd(ProductInfoModel model) in C:\Users\Administrator\Desktop\RelievePay\AppWebApi\Controllers\UserCheckController.cs:line 374
——————————
时间：2017-09-13 17:02:07,295
线程：[24]
类型：ERROR
标题：Error
内容：System.Net.WebException: The remote server returned an error: (404) Not Found.
   at System.Net.HttpWebRequest.GetResponse()
   at ReCommon.ApiHelper.HttpRequest(String userName, String Password, String Url, String PostData) in C:\Users\Administrator\Desktop\RelievePay\ReCommon\ApiHelper.cs:line 93
   at AppWebApi.Controllers.UserCheckController.ModifyPasswd(ProductInfoModel model) in C:\Users\Administrator\Desktop\RelievePay\AppWebApi\Controllers\UserCheckController.cs:line 374
——————————

----------------------header--------------------------

时间：2017-09-13 17:24:11,307
线程：[6]
类型：ERROR
标题：Error
内容：System.Net.WebException: The underlying connection was closed: The connection was closed unexpectedly.
   at System.Net.HttpWebRequest.GetResponse()
   at ReCommon.ApiHelper.HttpRequest(String userName, String Password, String Url, String PostData) in C:\Users\Administrator\Desktop\RelievePay\ReCommon\ApiHelper.cs:line 93
   at AppWebApi.Controllers.UserCheckController.PasswdProving(UserInfoModel model) in C:\Users\Administrator\Desktop\RelievePay\AppWebApi\Controllers\UserCheckController.cs:line 425
——————————
时间：2017-09-13 17:27:31,644
线程：[5]
类型：ERROR
标题：Error
内容：System.Net.WebException: The operation has timed out
   at System.Net.HttpWebRequest.GetResponse()
   at ReCommon.ApiHelper.HttpRequest(String userName, String Password, String Url, String PostData) in C:\Users\Administrator\Desktop\RelievePay\ReCommon\ApiHelper.cs:line 93
   at AppWebApi.Controllers.UserCheckController.ModifyPasswd(ProductInfoModel model) in C:\Users\Administrator\Desktop\RelievePay\AppWebApi\Controllers\UserCheckController.cs:line 374
——————————
