
----------------------header--------------------------

时间：2017-09-04 16:22:26,547
线程：[5]
类型：ERROR
标题：Error
内容：System.NullReferenceException: 未将对象引用设置到对象的实例。
   在 ReCommon.FilteParameter.FilteSQLStr(String Str) 位置 C:\Users\Administrator\Desktop\RelievePay\ReCommon\FilteParameter.cs:行号 15
   在 OperationPlatformApi.Controllers.MerchantManageController.BusinessDetailInfo(UserInfoModel model) 位置 C:\Users\Administrator\Desktop\RelievePay\OperationPlatformApi\Controllers\MerchantManageController.cs:行号 289
——————————

----------------------header--------------------------

时间：2017-09-04 16:29:31,039
线程：[8]
类型：ERROR
标题：Error
内容：System.NullReferenceException: 未将对象引用设置到对象的实例。
   在 ReCommon.FilteParameter.FilteSQLStr(String Str) 位置 C:\Users\Administrator\Desktop\RelievePay\ReCommon\FilteParameter.cs:行号 15
   在 OperationPlatformApi.Controllers.MerchantManageController.BusinessDetailInfo(UserInfoModel model) 位置 C:\Users\Administrator\Desktop\RelievePay\OperationPlatformApi\Controllers\MerchantManageController.cs:行号 289
——————————
时间：2017-09-04 16:29:44,595
线程：[16]
类型：ERROR
标题：Error
内容：System.NullReferenceException: 未将对象引用设置到对象的实例。
   在 OperationPlatformApi.Controllers.MerchantManageController.BusinessDetailInfo(UserInfoModel model) 位置 C:\Users\Administrator\Desktop\RelievePay\OperationPlatformApi\Controllers\MerchantManageController.cs:行号 283
——————————
时间：2017-09-04 16:29:55,805
线程：[8]
类型：ERROR
标题：Error
内容：System.NullReferenceException: 未将对象引用设置到对象的实例。
   在 OperationPlatformApi.Controllers.MerchantManageController.BusinessDetailInfo(UserInfoModel model) 位置 C:\Users\Administrator\Desktop\RelievePay\OperationPlatformApi\Controllers\MerchantManageController.cs:行号 283
——————————
时间：2017-09-04 16:30:40,000
线程：[8]
类型：ERROR
标题：Error
内容：System.NullReferenceException: 未将对象引用设置到对象的实例。
   在 ReCommon.FilteParameter.FilteSQLStr(String Str) 位置 C:\Users\Administrator\Desktop\RelievePay\ReCommon\FilteParameter.cs:行号 15
   在 OperationPlatformApi.Controllers.MerchantManageController.BusinessDetailInfo(UserInfoModel model) 位置 C:\Users\Administrator\Desktop\RelievePay\OperationPlatformApi\Controllers\MerchantManageController.cs:行号 289
——————————
时间：2017-09-04 16:32:06,102
线程：[11]
类型：ERROR
标题：Error
内容：System.NullReferenceException: 未将对象引用设置到对象的实例。
   在 ReCommon.FilteParameter.FilteSQLStr(String Str) 位置 C:\Users\Administrator\Desktop\RelievePay\ReCommon\FilteParameter.cs:行号 15
   在 OperationPlatformApi.Controllers.MerchantManageController.BusinessDetailInfo(UserInfoModel model) 位置 C:\Users\Administrator\Desktop\RelievePay\OperationPlatformApi\Controllers\MerchantManageController.cs:行号 289
——————————
时间：2017-09-04 16:32:08,477
线程：[8]
类型：ERROR
标题：Error
内容：System.NullReferenceException: 未将对象引用设置到对象的实例。
   在 ReCommon.FilteParameter.FilteSQLStr(String Str) 位置 C:\Users\Administrator\Desktop\RelievePay\ReCommon\FilteParameter.cs:行号 15
   在 OperationPlatformApi.Controllers.MerchantManageController.BusinessDetailInfo(UserInfoModel model) 位置 C:\Users\Administrator\Desktop\RelievePay\OperationPlatformApi\Controllers\MerchantManageController.cs:行号 289
——————————
时间：2017-09-04 16:32:13,648
线程：[8]
类型：ERROR
标题：Error
内容：System.NullReferenceException: 未将对象引用设置到对象的实例。
   在 ReCommon.FilteParameter.FilteSQLStr(String Str) 位置 C:\Users\Administrator\Desktop\RelievePay\ReCommon\FilteParameter.cs:行号 15
   在 OperationPlatformApi.Controllers.MerchantManageController.BusinessDetailInfo(UserInfoModel model) 位置 C:\Users\Administrator\Desktop\RelievePay\OperationPlatformApi\Controllers\MerchantManageController.cs:行号 289
——————————
时间：2017-09-04 16:32:51,918
线程：[8]
类型：ERROR
标题：Error
内容：System.NullReferenceException: 未将对象引用设置到对象的实例。
   在 ReCommon.FilteParameter.FilteSQLStr(String Str) 位置 C:\Users\Administrator\Desktop\RelievePay\ReCommon\FilteParameter.cs:行号 15
   在 OperationPlatformApi.Controllers.MerchantManageController.BusinessDetailInfo(UserInfoModel model) 位置 C:\Users\Administrator\Desktop\RelievePay\OperationPlatformApi\Controllers\MerchantManageController.cs:行号 289
——————————
时间：2017-09-04 16:33:51,870
线程：[17]
类型：ERROR
标题：Error
内容：System.NullReferenceException: 未将对象引用设置到对象的实例。
   在 ReCommon.FilteParameter.FilteSQLStr(String Str) 位置 C:\Users\Administrator\Desktop\RelievePay\ReCommon\FilteParameter.cs:行号 15
   在 OperationPlatformApi.Controllers.MerchantManageController.BusinessDetailInfo(UserInfoModel model) 位置 C:\Users\Administrator\Desktop\RelievePay\OperationPlatformApi\Controllers\MerchantManageController.cs:行号 289
——————————
时间：2017-09-04 16:34:13,911
线程：[8]
类型：ERROR
标题：Error
内容：System.NullReferenceException: 未将对象引用设置到对象的实例。
   在 ReCommon.FilteParameter.FilteSQLStr(String Str) 位置 C:\Users\Administrator\Desktop\RelievePay\ReCommon\FilteParameter.cs:行号 15
   在 OperationPlatformApi.Controllers.MerchantManageController.BusinessDetailInfo(UserInfoModel model) 位置 C:\Users\Administrator\Desktop\RelievePay\OperationPlatformApi\Controllers\MerchantManageController.cs:行号 289
——————————
时间：2017-09-04 16:34:33,051
线程：[8]
类型：ERROR
标题：Error
内容：System.NullReferenceException: 未将对象引用设置到对象的实例。
   在 ReCommon.FilteParameter.FilteSQLStr(String Str) 位置 C:\Users\Administrator\Desktop\RelievePay\ReCommon\FilteParameter.cs:行号 15
   在 OperationPlatformApi.Controllers.MerchantManageController.BusinessDetailInfo(UserInfoModel model) 位置 C:\Users\Administrator\Desktop\RelievePay\OperationPlatformApi\Controllers\MerchantManageController.cs:行号 289
——————————

----------------------header--------------------------

时间：2017-09-04 16:37:56,397
线程：[6]
类型：ERROR
标题：Error
内容：System.NullReferenceException: 未将对象引用设置到对象的实例。
   在 ReCommon.FilteParameter.FilteSQLStr(String Str) 位置 C:\Users\Administrator\Desktop\RelievePay\ReCommon\FilteParameter.cs:行号 15
   在 OperationPlatformApi.Controllers.MerchantManageController.BusinessDetailInfo(UserInfoModel model) 位置 C:\Users\Administrator\Desktop\RelievePay\OperationPlatformApi\Controllers\MerchantManageController.cs:行号 289
——————————

----------------------header--------------------------

时间：2017-09-04 16:42:08,003
线程：[5]
类型：ERROR
标题：Error
内容：System.Net.WebException: 基础连接已经关闭: 连接被意外关闭。
   在 System.Net.HttpWebRequest.GetResponse()
   在 ReCommon.ApiHelper.HttpRequest(String userName, String Password, String Url, String PostData) 位置 C:\Users\Administrator\Desktop\RelievePay\ReCommon\ApiHelper.cs:行号 93
   在 OperationPlatformApi.Controllers.MerchantManageController.BusinessDetailInfo(UserInfoModel model) 位置 C:\Users\Administrator\Desktop\RelievePay\OperationPlatformApi\Controllers\MerchantManageController.cs:行号 298
——————————
时间：2017-09-04 16:47:42,116
线程：[10]
类型：ERROR
标题：Error
内容：System.Net.WebException: 操作超时
   在 System.Net.HttpWebRequest.GetRequestStream(TransportContext& context)
   在 System.Net.HttpWebRequest.GetRequestStream()
   在 ReCommon.ApiHelper.HttpRequest(String userName, String Password, String Url, String PostData) 位置 C:\Users\Administrator\Desktop\RelievePay\ReCommon\ApiHelper.cs:行号 85
   在 OperationPlatformApi.Controllers.MerchantManageController.BusinessDetailInfo(UserInfoModel model) 位置 C:\Users\Administrator\Desktop\RelievePay\OperationPlatformApi\Controllers\MerchantManageController.cs:行号 298
——————————

----------------------header--------------------------

时间：2017-09-04 17:21:39,848
线程：[13]
类型：ERROR
标题：Error
内容：System.Net.WebException: 基础连接已经关闭: 连接被意外关闭。
   在 System.Net.HttpWebRequest.GetResponse()
   在 ReCommon.ApiHelper.HttpRequest(String userName, String Password, String Url, String PostData) 位置 C:\Users\Administrator\Desktop\RelievePay\ReCommon\ApiHelper.cs:行号 93
   在 OperationPlatformApi.Controllers.MerchantManageController.BusinessDetailInfo(UserInfoModel model) 位置 C:\Users\Administrator\Desktop\RelievePay\OperationPlatformApi\Controllers\MerchantManageController.cs:行号 298
——————————
时间：2017-09-04 17:23:12,267
线程：[8]
类型：ERROR
标题：Error
内容：System.Net.WebException: 无法连接到远程服务器 ---> System.Net.Sockets.SocketException: 由于连接方在一段时间后没有正确答复或连接的主机没有反应，连接尝试失败。 192.168.1.195:8080
   在 System.Net.Sockets.Socket.DoConnect(EndPoint endPointSnapshot, SocketAddress socketAddress)
   在 System.Net.ServicePoint.ConnectSocketInternal(Boolean connectFailure, Socket s4, Socket s6, Socket& socket, IPAddress& address, ConnectSocketState state, IAsyncResult asyncResult, Exception& exception)
   --- 内部异常堆栈跟踪的结尾 ---
   在 System.Net.HttpWebRequest.GetRequestStream(TransportContext& context)
   在 System.Net.HttpWebRequest.GetRequestStream()
   在 ReCommon.ApiHelper.HttpRequest(String userName, String Password, String Url, String PostData) 位置 C:\Users\Administrator\Desktop\RelievePay\ReCommon\ApiHelper.cs:行号 85
   在 OperationPlatformApi.Controllers.MerchantManageController.BusinessDetailInfo(UserInfoModel model) 位置 C:\Users\Administrator\Desktop\RelievePay\OperationPlatformApi\Controllers\MerchantManageController.cs:行号 298
——————————
时间：2017-09-04 17:29:47,667
线程：[18]
类型：ERROR
标题：Error
内容：System.Net.WebException: 基础连接已经关闭: 连接被意外关闭。
   在 System.Net.HttpWebRequest.GetResponse()
   在 ReCommon.ApiHelper.HttpRequest(String userName, String Password, String Url, String PostData) 位置 C:\Users\Administrator\Desktop\RelievePay\ReCommon\ApiHelper.cs:行号 93
   在 OperationPlatformApi.Controllers.MerchantManageController.BusinessDetailInfo(UserInfoModel model) 位置 C:\Users\Administrator\Desktop\RelievePay\OperationPlatformApi\Controllers\MerchantManageController.cs:行号 298
——————————
时间：2017-09-04 17:29:54,595
线程：[24]
类型：ERROR
标题：Error
内容：System.Net.WebException: 基础连接已经关闭: 接收时发生错误。 ---> System.IO.IOException: 无法从传输连接中读取数据: 远程主机强迫关闭了一个现有的连接。。 ---> System.Net.Sockets.SocketException: 远程主机强迫关闭了一个现有的连接。
   在 System.Net.Sockets.Socket.Receive(Byte[] buffer, Int32 offset, Int32 size, SocketFlags socketFlags)
   在 System.Net.Sockets.NetworkStream.Read(Byte[] buffer, Int32 offset, Int32 size)
   --- 内部异常堆栈跟踪的结尾 ---
   在 System.Net.Sockets.NetworkStream.Read(Byte[] buffer, Int32 offset, Int32 size)
   在 System.Net.PooledStream.Read(Byte[] buffer, Int32 offset, Int32 size)
   在 System.Net.Connection.SyncRead(HttpWebRequest request, Boolean userRetrievedStream, Boolean probeRead)
   --- 内部异常堆栈跟踪的结尾 ---
   在 System.Net.HttpWebRequest.GetResponse()
   在 ReCommon.ApiHelper.HttpRequest(String userName, String Password, String Url, String PostData) 位置 C:\Users\Administrator\Desktop\RelievePay\ReCommon\ApiHelper.cs:行号 93
   在 OperationPlatformApi.Controllers.MerchantManageController.BusinessDetailInfo(UserInfoModel model) 位置 C:\Users\Administrator\Desktop\RelievePay\OperationPlatformApi\Controllers\MerchantManageController.cs:行号 298
——————————
时间：2017-09-04 17:34:28,317
线程：[18]
类型：ERROR
标题：Error
内容：System.Net.WebException: 基础连接已经关闭: 连接被意外关闭。
   在 System.Net.HttpWebRequest.GetResponse()
   在 ReCommon.ApiHelper.HttpRequest(String userName, String Password, String Url, String PostData) 位置 C:\Users\Administrator\Desktop\RelievePay\ReCommon\ApiHelper.cs:行号 93
   在 OperationPlatformApi.Controllers.MerchantManageController.BusinessDetailInfo(UserInfoModel model) 位置 C:\Users\Administrator\Desktop\RelievePay\OperationPlatformApi\Controllers\MerchantManageController.cs:行号 298
——————————
时间：2017-09-04 17:37:12,251
线程：[28]
类型：ERROR
标题：Error
内容：System.Net.WebException: 操作超时
   在 System.Net.HttpWebRequest.GetResponse()
   在 ReCommon.ApiHelper.HttpRequest(String userName, String Password, String Url, String PostData) 位置 C:\Users\Administrator\Desktop\RelievePay\ReCommon\ApiHelper.cs:行号 93
   在 OperationPlatformApi.Controllers.MerchantManageController.BusinessDetailInfo(UserInfoModel model) 位置 C:\Users\Administrator\Desktop\RelievePay\OperationPlatformApi\Controllers\MerchantManageController.cs:行号 298
——————————
时间：2017-09-04 17:40:33,655
线程：[18]
类型：ERROR
标题：Error
内容：System.Net.WebException: 操作超时
   在 System.Net.HttpWebRequest.GetResponse()
   在 ReCommon.ApiHelper.HttpRequest(String userName, String Password, String Url, String PostData) 位置 C:\Users\Administrator\Desktop\RelievePay\ReCommon\ApiHelper.cs:行号 93
   在 OperationPlatformApi.Controllers.MerchantManageController.BusinessDetailInfo(UserInfoModel model) 位置 C:\Users\Administrator\Desktop\RelievePay\OperationPlatformApi\Controllers\MerchantManageController.cs:行号 298
——————————
时间：2017-09-04 17:42:18,829
线程：[18]
类型：ERROR
标题：Error
内容：System.Net.WebException: 基础连接已经关闭: 连接被意外关闭。
   在 System.Net.HttpWebRequest.GetResponse()
   在 ReCommon.ApiHelper.HttpRequest(String userName, String Password, String Url, String PostData) 位置 C:\Users\Administrator\Desktop\RelievePay\ReCommon\ApiHelper.cs:行号 93
   在 OperationPlatformApi.Controllers.MerchantManageController.BusinessDetailInfo(UserInfoModel model) 位置 C:\Users\Administrator\Desktop\RelievePay\OperationPlatformApi\Controllers\MerchantManageController.cs:行号 298
——————————
时间：2017-09-04 17:44:37,161
线程：[18]
类型：ERROR
标题：Error
内容：System.Net.WebException: 操作超时
   在 System.Net.HttpWebRequest.GetResponse()
   在 ReCommon.ApiHelper.HttpRequest(String userName, String Password, String Url, String PostData) 位置 C:\Users\Administrator\Desktop\RelievePay\ReCommon\ApiHelper.cs:行号 93
   在 OperationPlatformApi.Controllers.MerchantManageController.BusinessDetailInfo(UserInfoModel model) 位置 C:\Users\Administrator\Desktop\RelievePay\OperationPlatformApi\Controllers\MerchantManageController.cs:行号 298
——————————
时间：2017-09-04 17:47:53,243
线程：[37]
类型：ERROR
标题：Error
内容：System.Net.WebException: 操作超时
   在 System.Net.HttpWebRequest.GetResponse()
   在 ReCommon.ApiHelper.HttpRequest(String userName, String Password, String Url, String PostData) 位置 C:\Users\Administrator\Desktop\RelievePay\ReCommon\ApiHelper.cs:行号 93
   在 OperationPlatformApi.Controllers.MerchantManageController.BusinessDetailInfo(UserInfoModel model) 位置 C:\Users\Administrator\Desktop\RelievePay\OperationPlatformApi\Controllers\MerchantManageController.cs:行号 298
——————————
时间：2017-09-04 17:50:06,708
线程：[37]
类型：ERROR
标题：Error
内容：System.Net.WebException: 操作超时
   在 System.Net.HttpWebRequest.GetResponse()
   在 ReCommon.ApiHelper.HttpRequest(String userName, String Password, String Url, String PostData) 位置 C:\Users\Administrator\Desktop\RelievePay\ReCommon\ApiHelper.cs:行号 93
   在 OperationPlatformApi.Controllers.MerchantManageController.BusinessDetailInfo(UserInfoModel model) 位置 C:\Users\Administrator\Desktop\RelievePay\OperationPlatformApi\Controllers\MerchantManageController.cs:行号 298
——————————
时间：2017-09-04 17:51:57,634
线程：[51]
类型：ERROR
标题：Error
内容：System.Net.WebException: 基础连接已经关闭: 连接被意外关闭。
   在 System.Net.HttpWebRequest.GetResponse()
   在 ReCommon.ApiHelper.HttpRequest(String userName, String Password, String Url, String PostData) 位置 C:\Users\Administrator\Desktop\RelievePay\ReCommon\ApiHelper.cs:行号 93
   在 OperationPlatformApi.Controllers.MerchantManageController.BusinessDetailInfo(UserInfoModel model)
——————————

----------------------header--------------------------

时间：2017-09-04 18:00:11,866
线程：[13]
类型：ERROR
标题：Error
内容：System.Net.WebException: 基础连接已经关闭: 连接被意外关闭。
   在 System.Net.HttpWebRequest.GetResponse()
   在 ReCommon.ApiHelper.HttpRequest(String userName, String Password, String Url, String PostData) 位置 C:\Users\Administrator\Desktop\RelievePay\ReCommon\ApiHelper.cs:行号 93
   在 OperationPlatformApi.Controllers.MerchantManageController.BusinessDetailInfo(UserInfoModel model) 位置 C:\Users\Administrator\Desktop\RelievePay\OperationPlatformApi\Controllers\MerchantManageController.cs:行号 298
——————————
时间：2017-09-04 18:00:11,867
线程：[10]
类型：ERROR
标题：Error
内容：System.Net.WebException: 基础连接已经关闭: 接收时发生错误。 ---> System.IO.IOException: 无法从传输连接中读取数据: 远程主机强迫关闭了一个现有的连接。。 ---> System.Net.Sockets.SocketException: 远程主机强迫关闭了一个现有的连接。
   在 System.Net.Sockets.Socket.Receive(Byte[] buffer, Int32 offset, Int32 size, SocketFlags socketFlags)
   在 System.Net.Sockets.NetworkStream.Read(Byte[] buffer, Int32 offset, Int32 size)
   --- 内部异常堆栈跟踪的结尾 ---
   在 System.Net.Sockets.NetworkStream.Read(Byte[] buffer, Int32 offset, Int32 size)
   在 System.Net.PooledStream.Read(Byte[] buffer, Int32 offset, Int32 size)
   在 System.Net.Connection.SyncRead(HttpWebRequest request, Boolean userRetrievedStream, Boolean probeRead)
   --- 内部异常堆栈跟踪的结尾 ---
   在 System.Net.HttpWebRequest.GetResponse()
   在 ReCommon.ApiHelper.HttpRequest(String userName, String Password, String Url, String PostData) 位置 C:\Users\Administrator\Desktop\RelievePay\ReCommon\ApiHelper.cs:行号 93
   在 OperationPlatformApi.Controllers.MerchantManageController.BusinessDetailInfo(UserInfoModel model) 位置 C:\Users\Administrator\Desktop\RelievePay\OperationPlatformApi\Controllers\MerchantManageController.cs:行号 298
——————————
时间：2017-09-04 18:00:11,866
线程：[11]
类型：ERROR
标题：Error
内容：System.Net.WebException: 基础连接已经关闭: 连接被意外关闭。
   在 System.Net.HttpWebRequest.GetResponse()
   在 ReCommon.ApiHelper.HttpRequest(String userName, String Password, String Url, String PostData) 位置 C:\Users\Administrator\Desktop\RelievePay\ReCommon\ApiHelper.cs:行号 93
   在 OperationPlatformApi.Controllers.MerchantManageController.BusinessDetailInfo(UserInfoModel model) 位置 C:\Users\Administrator\Desktop\RelievePay\OperationPlatformApi\Controllers\MerchantManageController.cs:行号 298
——————————
时间：2017-09-04 18:00:11,867
线程：[21]
类型：ERROR
标题：Error
内容：System.Net.WebException: 基础连接已经关闭: 接收时发生错误。 ---> System.IO.IOException: 无法从传输连接中读取数据: 远程主机强迫关闭了一个现有的连接。。 ---> System.Net.Sockets.SocketException: 远程主机强迫关闭了一个现有的连接。
   在 System.Net.Sockets.Socket.Receive(Byte[] buffer, Int32 offset, Int32 size, SocketFlags socketFlags)
   在 System.Net.Sockets.NetworkStream.Read(Byte[] buffer, Int32 offset, Int32 size)
   --- 内部异常堆栈跟踪的结尾 ---
   在 System.Net.Sockets.NetworkStream.Read(Byte[] buffer, Int32 offset, Int32 size)
   在 System.Net.PooledStream.Read(Byte[] buffer, Int32 offset, Int32 size)
   在 System.Net.Connection.SyncRead(HttpWebRequest request, Boolean userRetrievedStream, Boolean probeRead)
   --- 内部异常堆栈跟踪的结尾 ---
   在 System.Net.HttpWebRequest.GetResponse()
   在 ReCommon.ApiHelper.HttpRequest(String userName, String Password, String Url, String PostData) 位置 C:\Users\Administrator\Desktop\RelievePay\ReCommon\ApiHelper.cs:行号 93
   在 OperationPlatformApi.Controllers.MerchantManageController.BusinessDetailInfo(UserInfoModel model) 位置 C:\Users\Administrator\Desktop\RelievePay\OperationPlatformApi\Controllers\MerchantManageController.cs:行号 298
——————————
