
----------------------header--------------------------

时间：2017-09-13 11:35:10,302
线程：[5]
类型：ERROR
标题：Error
内容：System.Net.WebException: The remote server returned an error: (404) Not Found.
   at System.Net.HttpWebRequest.GetResponse()
   at ReCommon.ApiHelper.HttpRequest(String userName, String Password, String Url, String PostData)
   at OperationPlatformApi.Controllers.ProductManageController.BrandInformation(ProductCodeModel model) in C:\Users\Administrator\Desktop\RelievePay\OperationPlatformApi\Controllers\ProductManageController.cs:line 49
——————————

----------------------footer--------------------------

----------------------header--------------------------

时间：2017-09-13 15:11:07,431
线程：[8]
类型：ERROR
标题：Error
内容：System.Net.WebException: The remote server returned an error: (500) Internal Server Error.
   at System.Net.HttpWebRequest.GetResponse()
   at ReCommon.ApiHelper.HttpRequest(String userName, String Password, String Url, String PostData) in C:\Users\Administrator\Desktop\RelievePay\ReCommon\ApiHelper.cs:line 93
   at OperationPlatformApi.Controllers.ProductManageController.BrandInformation(ProductCodeModel model) in C:\Users\Administrator\Desktop\RelievePay\OperationPlatformApi\Controllers\ProductManageController.cs:line 49
——————————

----------------------header--------------------------


----------------------footer--------------------------

----------------------header--------------------------

时间：2017-09-13 16:22:35,473
线程：[5]
类型：ERROR
标题：Error
内容：System.Net.WebException: The underlying connection was closed: The connection was closed unexpectedly.
   at System.Net.HttpWebRequest.GetResponse()
   at ReCommon.ApiHelper.HttpRequest(String userName, String Password, String Url, String PostData) in C:\Users\Administrator\Desktop\RelievePay\ReCommon\ApiHelper.cs:line 93
   at OperationPlatformApi.Controllers.ActivityManageController.EnumActivityList(ActivityManageModel model) in C:\Users\Administrator\Desktop\RelievePay\OperationPlatformApi\Controllers\ActivityManageController.cs:line 108
——————————
时间：2017-09-13 16:24:54,088
线程：[8]
类型：ERROR
标题：Error
内容：System.Net.WebException: The underlying connection was closed: The connection was closed unexpectedly.
   at System.Net.HttpWebRequest.GetResponse()
   at ReCommon.ApiHelper.HttpRequest(String userName, String Password, String Url, String PostData) in C:\Users\Administrator\Desktop\RelievePay\ReCommon\ApiHelper.cs:line 93
   at OperationPlatformApi.Controllers.ActivityManageController.EnumActivityList(ActivityManageModel model) in C:\Users\Administrator\Desktop\RelievePay\OperationPlatformApi\Controllers\ActivityManageController.cs:line 108
——————————
时间：2017-09-13 16:29:35,994
线程：[19]
类型：ERROR
标题：Error
内容：System.Net.WebException: The underlying connection was closed: The connection was closed unexpectedly.
   at System.Net.HttpWebRequest.GetResponse()
   at ReCommon.ApiHelper.HttpRequest(String userName, String Password, String Url, String PostData) in C:\Users\Administrator\Desktop\RelievePay\ReCommon\ApiHelper.cs:line 93
   at OperationPlatformApi.Controllers.ActivityManageController.EnumActivityList(ActivityManageModel model) in C:\Users\Administrator\Desktop\RelievePay\OperationPlatformApi\Controllers\ActivityManageController.cs:line 108
——————————
时间：2017-09-13 16:33:49,366
线程：[8]
类型：ERROR
标题：Error
内容：System.Net.WebException: The remote server returned an error: (500) Internal Server Error.
   at System.Net.HttpWebRequest.GetResponse()
   at ReCommon.ApiHelper.HttpRequest(String userName, String Password, String Url, String PostData) in C:\Users\Administrator\Desktop\RelievePay\ReCommon\ApiHelper.cs:line 93
   at OperationPlatformApi.Controllers.ProductManageController.BrandInformation(ProductCodeModel model) in C:\Users\Administrator\Desktop\RelievePay\OperationPlatformApi\Controllers\ProductManageController.cs:line 49
——————————
时间：2017-09-13 16:33:52,427
线程：[8]
类型：ERROR
标题：Error
内容：System.Net.WebException: The remote server returned an error: (500) Internal Server Error.
   at System.Net.HttpWebRequest.GetResponse()
   at ReCommon.ApiHelper.HttpRequest(String userName, String Password, String Url, String PostData) in C:\Users\Administrator\Desktop\RelievePay\ReCommon\ApiHelper.cs:line 93
   at OperationPlatformApi.Controllers.ProductManageController.BrandInformation(ProductCodeModel model) in C:\Users\Administrator\Desktop\RelievePay\OperationPlatformApi\Controllers\ProductManageController.cs:line 49
——————————

----------------------header--------------------------

时间：2017-09-13 16:46:09,670
线程：[8]
类型：ERROR
标题：Error
内容：System.Net.WebException: The remote server returned an error: (404) Not Found.
   at System.Net.HttpWebRequest.GetResponse()
   at ReCommon.ApiHelper.HttpRequest(String userName, String Password, String Url, String PostData)
   at OperationPlatformApi.Controllers.ActivityManageController.EnumActivityList(ActivityManageModel model) in C:\Users\Administrator\Desktop\RelievePay\OperationPlatformApi\Controllers\ActivityManageController.cs:line 108
——————————
时间：2017-09-13 17:09:35,577
线程：[28]
类型：ERROR
标题：Error
内容：System.Net.WebException: The remote server returned an error: (404) Not Found.
   at System.Net.HttpWebRequest.GetResponse()
   at ReCommon.ApiHelper.HttpRequest(String userName, String Password, String Url, String PostData)
   at OperationPlatformApi.Controllers.ActivityManageController.EnumActivityList(ActivityManageModel model) in C:\Users\Administrator\Desktop\RelievePay\OperationPlatformApi\Controllers\ActivityManageController.cs:line 108
——————————

----------------------footer--------------------------
